<?xml version="1.0" encoding="UTF-8"?>
<coverage generated="1785446169555" clover="3.2.0">
  <project timestamp="1785446169555" name="All files">
    <metrics statements="334" coveredstatements="328" conditionals="112" coveredconditionals="99" methods="54" coveredmethods="53" elements="500" coveredelements="480" complexity="0" loc="334" ncloc="334" packages="9" files="17" classes="17"/>
    <package name="config">
      <metrics statements="1" coveredstatements="1" conditionals="14" coveredconditionals="14" methods="1" coveredmethods="1"/>
      <file name="configuration.ts" path="/Users/stanislauryzhkou/Programming/WUT/DiplomaThesis/Backend/AuthMicroservice/src/config/configuration.ts">
        <metrics statements="1" coveredstatements="1" conditionals="14" coveredconditionals="14" methods="1" coveredmethods="1"/>
        <line num="1" count="30" type="stmt"/>
      </file>
    </package>
    <package name="controllers">
      <metrics statements="58" coveredstatements="58" conditionals="14" coveredconditionals="7" methods="14" coveredmethods="14"/>
      <file name="authController.ts" path="/Users/stanislauryzhkou/Programming/WUT/DiplomaThesis/Backend/AuthMicroservice/src/controllers/authController.ts">
        <metrics statements="54" coveredstatements="54" conditionals="14" coveredconditionals="7" methods="13" coveredmethods="13"/>
        <line num="1" count="1" type="stmt"/>
        <line num="16" count="1" type="stmt"/>
        <line num="17" count="1" type="stmt"/>
        <line num="18" count="1" type="stmt"/>
        <line num="20" count="1" type="stmt"/>
        <line num="21" count="1" type="stmt"/>
        <line num="22" count="1" type="stmt"/>
        <line num="24" count="1" type="stmt"/>
        <line num="25" count="1" type="stmt"/>
        <line num="31" count="2" type="stmt"/>
        <line num="32" count="2" type="stmt"/>
        <line num="47" count="2" type="cond" truecount="1" falsecount="1"/>
        <line num="48" count="2" type="cond" truecount="1" falsecount="1"/>
        <line num="49" count="2" type="cond" truecount="1" falsecount="3"/>
        <line num="50" count="2" type="stmt"/>
        <line num="54" count="1" type="stmt"/>
        <line num="55" count="14" type="stmt"/>
        <line num="58" count="1" type="stmt"/>
        <line num="63" count="1" type="stmt"/>
        <line num="70" count="1" type="stmt"/>
        <line num="71" count="1" type="stmt"/>
        <line num="78" count="1" type="stmt"/>
        <line num="85" count="1" type="cond" truecount="1" falsecount="1"/>
        <line num="86" count="1" type="stmt"/>
        <line num="90" count="1" type="cond" truecount="1" falsecount="0"/>
        <line num="91" count="1" type="stmt"/>
        <line num="93" count="1" type="stmt"/>
        <line num="101" count="1" type="stmt"/>
        <line num="106" count="1" type="cond" truecount="1" falsecount="1"/>
        <line num="107" count="1" type="cond" truecount="1" falsecount="0"/>
        <line num="108" count="1" type="stmt"/>
        <line num="109" count="1" type="stmt"/>
        <line num="114" count="1" type="stmt"/>
        <line num="115" count="1" type="stmt"/>
        <line num="122" count="1" type="stmt"/>
        <line num="123" count="1" type="stmt"/>
        <line num="124" count="1" type="stmt"/>
        <line num="134" count="1" type="stmt"/>
        <line num="135" count="1" type="stmt"/>
        <line num="136" count="1" type="stmt"/>
        <line num="144" count="1" type="stmt"/>
        <line num="145" count="1" type="stmt"/>
        <line num="158" count="1" type="stmt"/>
        <line num="159" count="1" type="stmt"/>
        <line num="160" count="1" type="stmt"/>
        <line num="167" count="1" type="stmt"/>
        <line num="171" count="1" type="stmt"/>
        <line num="176" count="1" type="stmt"/>
        <line num="182" count="1" type="stmt"/>
        <line num="185" count="3" type="stmt"/>
        <line num="186" count="2" type="stmt"/>
        <line num="192" count="1" type="stmt"/>
        <line num="193" count="2" type="stmt"/>
        <line num="194" count="1" type="stmt"/>
      </file>
      <file name="healthController.ts" path="/Users/stanislauryzhkou/Programming/WUT/DiplomaThesis/Backend/AuthMicroservice/src/controllers/healthController.ts">
        <metrics statements="4" coveredstatements="4" conditionals="0" coveredconditionals="0" methods="1" coveredmethods="1"/>
        <line num="1" count="1" type="stmt"/>
        <line num="9" count="1" type="stmt"/>
        <line num="11" count="1" type="stmt"/>
        <line num="12" count="1" type="stmt"/>
      </file>
    </package>
    <package name="dtos">
      <metrics statements="10" coveredstatements="10" conditionals="0" coveredconditionals="0" methods="0" coveredmethods="0"/>
      <file name="loginDto.ts" path="/Users/stanislauryzhkou/Programming/WUT/DiplomaThesis/Backend/AuthMicroservice/src/dtos/loginDto.ts">
        <metrics statements="4" coveredstatements="4" conditionals="0" coveredconditionals="0" methods="0" coveredmethods="0"/>
        <line num="1" count="1" type="stmt"/>
        <line num="3" count="1" type="stmt"/>
        <line num="5" count="1" type="stmt"/>
        <line num="7" count="1" type="stmt"/>
      </file>
      <file name="userDto.ts" path="/Users/stanislauryzhkou/Programming/WUT/DiplomaThesis/Backend/AuthMicroservice/src/dtos/userDto.ts">
        <metrics statements="6" coveredstatements="6" conditionals="0" coveredconditionals="0" methods="0" coveredmethods="0"/>
        <line num="1" count="1" type="stmt"/>
        <line num="3" count="1" type="stmt"/>
        <line num="5" count="1" type="stmt"/>
        <line num="10" count="1" type="stmt"/>
        <line num="15" count="1" type="stmt"/>
        <line num="20" count="1" type="stmt"/>
      </file>
    </package>
    <package name="guards">
      <metrics statements="30" coveredstatements="29" conditionals="11" coveredconditionals="11" methods="6" coveredmethods="5"/>
      <file name="jwtAuthGuard.ts" path="/Users/stanislauryzhkou/Programming/WUT/DiplomaThesis/Backend/AuthMicroservice/src/guards/jwtAuthGuard.ts">
        <metrics statements="8" coveredstatements="7" conditionals="5" coveredconditionals="5" methods="2" coveredmethods="1"/>
        <line num="1" count="2" type="stmt"/>
        <line num="2" count="2" type="stmt"/>
        <line num="3" count="2" type="stmt"/>
        <line num="6" count="2" type="stmt"/>
        <line num="8" count="0" type="stmt"/>
        <line num="12" count="6" type="cond" truecount="3" falsecount="0"/>
        <line num="13" count="5" type="cond" truecount="2" falsecount="0"/>
        <line num="15" count="1" type="stmt"/>
      </file>
      <file name="localAuthGuard.ts" path="/Users/stanislauryzhkou/Programming/WUT/DiplomaThesis/Backend/AuthMicroservice/src/guards/localAuthGuard.ts">
        <metrics statements="3" coveredstatements="3" conditionals="0" coveredconditionals="0" methods="0" coveredmethods="0"/>
        <line num="1" count="1" type="stmt"/>
        <line num="2" count="1" type="stmt"/>
        <line num="5" count="1" type="stmt"/>
      </file>
      <file name="roles.decorator.ts" path="/Users/stanislauryzhkou/Programming/WUT/DiplomaThesis/Backend/AuthMicroservice/src/guards/roles.decorator.ts">
        <metrics statements="2" coveredstatements="2" conditionals="0" coveredconditionals="0" methods="1" coveredmethods="1"/>
        <line num="1" count="1" type="stmt"/>
        <line num="3" count="3" type="stmt"/>
      </file>
      <file name="rolesGuard.ts" path="/Users/stanislauryzhkou/Programming/WUT/DiplomaThesis/Backend/AuthMicroservice/src/guards/rolesGuard.ts">
        <metrics statements="17" coveredstatements="17" conditionals="6" coveredconditionals="6" methods="3" coveredmethods="3"/>
        <line num="1" count="2" type="stmt"/>
        <line num="2" count="2" type="stmt"/>
        <line num="6" count="2" type="stmt"/>
        <line num="7" count="14" type="stmt"/>
        <line num="10" count="14" type="stmt"/>
        <line num="14" count="14" type="cond" truecount="3" falsecount="0"/>
        <line num="15" count="3" type="stmt"/>
        <line num="18" count="11" type="stmt"/>
        <line num="19" count="11" type="stmt"/>
        <line num="21" count="11" type="cond" truecount="1" falsecount="0"/>
        <line num="22" count="2" type="stmt"/>
        <line num="25" count="10" type="stmt"/>
        <line num="26" count="9" type="cond" truecount="1" falsecount="0"/>
        <line num="27" count="4" type="stmt"/>
        <line num="30" count="5" type="cond" truecount="1" falsecount="0"/>
        <line num="31" count="2" type="stmt"/>
        <line num="34" count="3" type="stmt"/>
      </file>
    </package>
    <package name="middlewares">
      <metrics statements="53" coveredstatements="51" conditionals="24" coveredconditionals="21" methods="6" coveredmethods="6"/>
      <file name="errorHandlingMiddleware.ts" path="/Users/stanislauryzhkou/Programming/WUT/DiplomaThesis/Backend/AuthMicroservice/src/middlewares/errorHandlingMiddleware.ts">
        <metrics statements="39" coveredstatements="38" conditionals="20" coveredconditionals="18" methods="4" coveredmethods="4"/>
        <line num="1" count="1" type="stmt"/>
        <line num="10" count="1" type="stmt"/>
        <line num="13" count="1" type="stmt"/>
        <line num="40" count="7" type="stmt"/>
        <line num="41" count="7" type="cond" truecount="3" falsecount="0"/>
        <line num="42" count="6" type="stmt"/>
        <line num="43" count="6" type="cond" truecount="2" falsecount="0"/>
        <line num="44" count="6" type="stmt"/>
        <line num="46" count="6" type="cond" truecount="2" falsecount="0"/>
        <line num="47" count="5" type="stmt"/>
        <line num="48" count="1" type="cond" truecount="1" falsecount="1"/>
        <line num="50" count="1" type="stmt"/>
        <line num="52" count="0" type="stmt"/>
        <line num="54" count="6" type="stmt"/>
        <line num="56" count="1" type="stmt"/>
        <line num="60" count="1" type="stmt"/>
        <line num="62" count="7" type="cond" truecount="1" falsecount="0"/>
        <line num="63" count="1" type="stmt"/>
        <line num="70" count="1" type="stmt"/>
        <line num="73" count="6" type="cond" truecount="1" falsecount="0"/>
        <line num="74" count="1" type="stmt"/>
        <line num="81" count="1" type="stmt"/>
        <line num="84" count="5" type="cond" truecount="2" falsecount="0"/>
        <line num="85" count="4" type="stmt"/>
        <line num="87" count="1" type="stmt"/>
        <line num="97" count="7" type="stmt"/>
        <line num="98" count="7" type="stmt"/>
        <line num="99" count="7" type="stmt"/>
        <line num="100" count="7" type="stmt"/>
        <line num="102" count="7" type="stmt"/>
        <line num="103" count="7" type="stmt"/>
        <line num="112" count="7" type="cond" truecount="1" falsecount="0"/>
        <line num="113" count="1" type="stmt"/>
        <line num="114" count="1" type="cond" truecount="3" falsecount="0"/>
        <line num="115" count="1" type="stmt"/>
        <line num="118" count="1" type="stmt"/>
        <line num="119" count="1" type="cond" truecount="1" falsecount="0"/>
        <line num="120" count="1" type="stmt"/>
        <line num="125" count="7" type="stmt"/>
      </file>
      <file name="jwtPayloadMiddleware.ts" path="/Users/stanislauryzhkou/Programming/WUT/DiplomaThesis/Backend/AuthMicroservice/src/middlewares/jwtPayloadMiddleware.ts">
        <metrics statements="14" coveredstatements="13" conditionals="4" coveredconditionals="3" methods="2" coveredmethods="2"/>
        <line num="1" count="1" type="stmt"/>
        <line num="3" count="1" type="stmt"/>
        <line num="4" count="1" type="stmt"/>
        <line num="5" count="1" type="stmt"/>
        <line num="8" count="1" type="stmt"/>
        <line num="9" count="7" type="stmt"/>
        <line num="12" count="7" type="stmt"/>
        <line num="13" count="7" type="cond" truecount="3" falsecount="0"/>
        <line num="14" count="5" type="stmt"/>
        <line num="15" count="5" type="stmt"/>
        <line num="16" count="2" type="stmt"/>
        <line num="21" count="2" type="cond" truecount="0" falsecount="1"/>
        <line num="22" count="0" type="stmt"/>
        <line num="29" count="4" type="stmt"/>
      </file>
    </package>
    <package name="services">
      <metrics statements="125" coveredstatements="124" conditionals="40" coveredconditionals="38" methods="19" coveredmethods="19"/>
      <file name="authService.ts" path="/Users/stanislauryzhkou/Programming/WUT/DiplomaThesis/Backend/AuthMicroservice/src/services/authService.ts">
        <metrics statements="125" coveredstatements="124" conditionals="40" coveredconditionals="38" methods="19" coveredmethods="19"/>
        <line num="1" count="3" type="stmt"/>
        <line num="2" count="3" type="stmt"/>
        <line num="3" count="3" type="stmt"/>
        <line num="5" count="3" type="stmt"/>
        <line num="7" count="3" type="stmt"/>
        <line num="8" count="3" type="stmt"/>
        <line num="14" count="3" type="stmt"/>
        <line num="15" count="3" type="stmt"/>
        <line num="16" count="3" type="stmt"/>
        <line num="17" count="3" type="stmt"/>
        <line num="39" count="3" type="stmt"/>
        <line num="40" count="3" type="stmt"/>
        <line num="50" count="3" type="stmt"/>
        <line num="52" count="19" type="stmt"/>
        <line num="60" count="3" type="stmt"/>
        <line num="61" count="3" type="stmt"/>
        <line num="64" count="3" type="stmt"/>
        <line num="65" count="32" type="stmt"/>
        <line num="68" count="32" type="stmt"/>
        <line num="69" count="32" type="stmt"/>
        <line num="70" count="32" type="stmt"/>
        <line num="74" count="1" type="stmt"/>
        <line num="78" count="17" type="stmt"/>
        <line num="79" count="17" type="cond" truecount="1" falsecount="0"/>
        <line num="80" count="4" type="stmt"/>
        <line num="83" count="4" type="cond" truecount="1" falsecount="0"/>
        <line num="84" count="3" type="stmt"/>
        <line num="88" count="3" type="cond" truecount="1" falsecount="0"/>
        <line num="89" count="2" type="stmt"/>
        <line num="93" count="15" type="stmt"/>
        <line num="97" count="14" type="stmt"/>
        <line num="98" count="14" type="stmt"/>
        <line num="99" count="14" type="stmt"/>
        <line num="100" count="14" type="cond" truecount="3" falsecount="0"/>
        <line num="101" count="1" type="stmt"/>
        <line num="108" count="13" type="stmt"/>
        <line num="109" count="13" type="cond" truecount="1" falsecount="0"/>
        <line num="121" count="12" type="cond" truecount="2" falsecount="0"/>
        <line num="122" count="12" type="cond" truecount="2" falsecount="0"/>
        <line num="125" count="12" type="stmt"/>
        <line num="126" count="12" type="cond" truecount="1" falsecount="0"/>
        <line num="127" count="1" type="stmt"/>
        <line num="129" count="12" type="stmt"/>
        <line num="130" count="12" type="stmt"/>
        <line num="136" count="1" type="stmt"/>
        <line num="137" count="1" type="stmt"/>
        <line num="138" count="1" type="stmt"/>
        <line num="139" count="1" type="stmt"/>
        <line num="146" count="4" type="stmt"/>
        <line num="147" count="4" type="stmt"/>
        <line num="150" count="4" type="cond" truecount="1" falsecount="0"/>
        <line num="151" count="2" type="stmt"/>
        <line num="157" count="2" type="stmt"/>
        <line num="176" count="2" type="stmt"/>
        <line num="187" count="1" type="stmt"/>
        <line num="192" count="2" type="stmt"/>
        <line num="207" count="2" type="stmt"/>
        <line num="208" count="2" type="stmt"/>
        <line num="215" count="2" type="stmt"/>
        <line num="223" count="2" type="stmt"/>
        <line num="231" count="2" type="stmt"/>
        <line num="235" count="4" type="stmt"/>
        <line num="249" count="11" type="cond" truecount="1" falsecount="0"/>
        <line num="250" count="2" type="stmt"/>
        <line num="260" count="9" type="stmt"/>
        <line num="261" count="9" type="stmt"/>
        <line num="265" count="1" type="stmt"/>
        <line num="271" count="8" type="cond" truecount="1" falsecount="0"/>
        <line num="272" count="1" type="stmt"/>
        <line num="279" count="7" type="stmt"/>
        <line num="283" count="7" type="cond" truecount="1" falsecount="0"/>
        <line num="290" count="2" type="stmt"/>
        <line num="293" count="2" type="stmt"/>
        <line num="296" count="2" type="stmt"/>
        <line num="307" count="5" type="cond" truecount="1" falsecount="0"/>
        <line num="312" count="1" type="stmt"/>
        <line num="315" count="1" type="stmt"/>
        <line num="318" count="1" type="stmt"/>
        <line num="325" count="4" type="stmt"/>
        <line num="328" count="4" type="cond" truecount="1" falsecount="0"/>
        <line num="329" count="2" type="stmt"/>
        <line num="336" count="2" type="stmt"/>
        <line num="337" count="2" type="stmt"/>
        <line num="340" count="2" type="cond" truecount="1" falsecount="0"/>
        <line num="345" count="1" type="stmt"/>
        <line num="346" count="1" type="stmt"/>
        <line num="349" count="1" type="stmt"/>
        <line num="356" count="1" type="stmt"/>
        <line num="363" count="1" type="stmt"/>
        <line num="367" count="2" type="stmt"/>
        <line num="374" count="1" type="stmt"/>
        <line num="378" count="1" type="stmt"/>
        <line num="383" count="1" type="stmt"/>
        <line num="396" count="5" type="cond" truecount="2" falsecount="1"/>
        <line num="397" count="0" type="stmt"/>
        <line num="403" count="5" type="stmt"/>
        <line num="409" count="5" type="stmt"/>
        <line num="410" count="5" type="stmt"/>
        <line num="411" count="5" type="cond" truecount="3" falsecount="0"/>
        <line num="412" count="1" type="stmt"/>
        <line num="413" count="1" type="stmt"/>
        <line num="419" count="4" type="stmt"/>
        <line num="421" count="4" type="stmt"/>
        <line num="422" count="4" type="cond" truecount="1" falsecount="0"/>
        <line num="423" count="2" type="stmt"/>
        <line num="429" count="2" type="stmt"/>
        <line num="430" count="2" type="stmt"/>
        <line num="431" count="2" type="stmt"/>
        <line num="436" count="2" type="stmt"/>
        <line num="444" count="2" type="stmt"/>
        <line num="448" count="2" type="stmt"/>
        <line num="452" count="2" type="stmt"/>
        <line num="453" count="2" type="stmt"/>
        <line num="454" count="2" type="stmt"/>
        <line num="458" count="1" type="stmt"/>
        <line num="460" count="1" type="stmt"/>
        <line num="468" count="1" type="stmt"/>
        <line num="476" count="5" type="stmt"/>
        <line num="477" count="5" type="cond" truecount="1" falsecount="0"/>
        <line num="478" count="2" type="stmt"/>
        <line num="486" count="3" type="stmt"/>
        <line num="489" count="3" type="cond" truecount="1" falsecount="0"/>
        <line num="493" count="2" type="stmt"/>
        <line num="499" count="1" type="stmt"/>
        <line num="500" count="1" type="stmt"/>
      </file>
    </package>
    <package name="strategies">
      <metrics statements="32" coveredstatements="32" conditionals="2" coveredconditionals="2" methods="6" coveredmethods="6"/>
      <file name="adminGuard.ts" path="/Users/stanislauryzhkou/Programming/WUT/DiplomaThesis/Backend/AuthMicroservice/src/strategies/adminGuard.ts">
        <metrics statements="12" coveredstatements="12" conditionals="1" coveredconditionals="1" methods="2" coveredmethods="2"/>
        <line num="2" count="1" type="stmt"/>
        <line num="3" count="1" type="stmt"/>
        <line num="4" count="1" type="stmt"/>
        <line num="7" count="1" type="stmt"/>
        <line num="8" count="3" type="stmt"/>
        <line num="9" count="3" type="stmt"/>
        <line num="13" count="3" type="stmt"/>
        <line num="14" count="3" type="cond" truecount="1" falsecount="0"/>
        <line num="15" count="1" type="stmt"/>
        <line num="17" count="2" type="stmt"/>
        <line num="18" count="2" type="stmt"/>
        <line num="19" count="2" type="stmt"/>
      </file>
      <file name="jwtStrategy.ts" path="/Users/stanislauryzhkou/Programming/WUT/DiplomaThesis/Backend/AuthMicroservice/src/strategies/jwtStrategy.ts">
        <metrics statements="8" coveredstatements="8" conditionals="0" coveredconditionals="0" methods="2" coveredmethods="2"/>
        <line num="1" count="1" type="stmt"/>
        <line num="3" count="1" type="stmt"/>
        <line num="4" count="1" type="stmt"/>
        <line num="5" count="1" type="stmt"/>
        <line num="24" count="1" type="stmt"/>
        <line num="25" count="2" type="stmt"/>
        <line num="26" count="2" type="stmt"/>
        <line num="35" count="1" type="stmt"/>
      </file>
      <file name="localStrategy.ts" path="/Users/stanislauryzhkou/Programming/WUT/DiplomaThesis/Backend/AuthMicroservice/src/strategies/localStrategy.ts">
        <metrics statements="12" coveredstatements="12" conditionals="1" coveredconditionals="1" methods="2" coveredmethods="2"/>
        <line num="1" count="1" type="stmt"/>
        <line num="2" count="1" type="stmt"/>
        <line num="3" count="1" type="stmt"/>
        <line num="4" count="1" type="stmt"/>
        <line num="5" count="1" type="stmt"/>
        <line num="8" count="1" type="stmt"/>
        <line num="9" count="2" type="stmt"/>
        <line num="10" count="2" type="stmt"/>
        <line num="14" count="2" type="stmt"/>
        <line num="15" count="2" type="cond" truecount="1" falsecount="0"/>
        <line num="16" count="1" type="stmt"/>
        <line num="22" count="1" type="stmt"/>
      </file>
    </package>
    <package name="types.requests.ts">
      <metrics statements="1" coveredstatements="0" conditionals="0" coveredconditionals="0" methods="0" coveredmethods="0"/>
      <file name="refreshRequest.ts" path="/Users/stanislauryzhkou/Programming/WUT/DiplomaThesis/Backend/AuthMicroservice/src/types/requests.ts/refreshRequest.ts">
        <metrics statements="1" coveredstatements="0" conditionals="0" coveredconditionals="0" methods="0" coveredmethods="0"/>
        <line num="1" count="0" type="stmt"/>
      </file>
    </package>
    <package name="utils">
      <metrics statements="24" coveredstatements="23" conditionals="7" coveredconditionals="6" methods="2" coveredmethods="2"/>
      <file name="errorCodes.ts" path="/Users/stanislauryzhkou/Programming/WUT/DiplomaThesis/Backend/AuthMicroservice/src/utils/errorCodes.ts">
        <metrics statements="24" coveredstatements="23" conditionals="7" coveredconditionals="6" methods="2" coveredmethods="2"/>
        <line num="20" count="5" type="stmt"/>
        <line num="31" count="5" type="stmt"/>
        <line num="32" count="5" type="stmt"/>
        <line num="33" count="5" type="stmt"/>
        <line num="34" count="5" type="stmt"/>
        <line num="35" count="5" type="stmt"/>
        <line num="36" count="5" type="stmt"/>
        <line num="37" count="5" type="stmt"/>
        <line num="38" count="5" type="stmt"/>
        <line num="39" count="5" type="stmt"/>
        <line num="40" count="5" type="stmt"/>
        <line num="41" count="5" type="stmt"/>
        <line num="42" count="5" type="stmt"/>
        <line num="43" count="5" type="stmt"/>
        <line num="59" count="32" type="stmt"/>
        <line num="60" count="32" type="cond" truecount="6" falsecount="1"/>
        <line num="62" count="15" type="stmt"/>
        <line num="64" count="4" type="stmt"/>
        <line num="66" count="2" type="stmt"/>
        <line num="68" count="0" type="stmt"/>
        <line num="70" count="2" type="stmt"/>
        <line num="73" count="9" type="stmt"/>
        <line num="82" count="5" type="stmt"/>
        <line num="87" count="32" type="stmt"/>
      </file>
    </package>
  </project>
</coverage>
