{"/Users/stanislauryzhkou/Programming/WUT/DiplomaThesis/Backend/AuthMicroservice/src/config/configuration.ts": {"path":"/Users/stanislauryzhkou/Programming/WUT/DiplomaThesis/Backend/AuthMicroservice/src/config/configuration.ts","statementMap":{"0":{"start":{"line":1,"column":0},"end":{"line":15,"column":3}},"1":{"start":{"line":1,"column":22},"end":{"line":15,"column":2}}},"fnMap":{"0":{"name":"(anonymous_0)","decl":{"start":{"line":1,"column":15},"end":{"line":1,"column":18}},"loc":{"start":{"line":1,"column":22},"end":{"line":15,"column":2}}}},"branchMap":{"0":{"loc":{"start":{"line":2,"column":8},"end":{"line":2,"column":32}},"type":"binary-expr","locations":[{"start":{"line":2,"column":8},"end":{"line":2,"column":24}},{"start":{"line":2,"column":28},"end":{"line":2,"column":32}}]},"1":{"loc":{"start":{"line":4,"column":12},"end":{"line":4,"column":48}},"type":"binary-expr","locations":[{"start":{"line":4,"column":12},"end":{"line":4,"column":34}},{"start":{"line":4,"column":38},"end":{"line":4,"column":48}}]},"2":{"loc":{"start":{"line":5,"column":15},"end":{"line":5,"column":49}},"type":"binary-expr","locations":[{"start":{"line":5,"column":15},"end":{"line":5,"column":41}},{"start":{"line":5,"column":45},"end":{"line":5,"column":49}}]},"3":{"loc":{"start":{"line":8,"column":12},"end":{"line":8,"column":63}},"type":"binary-expr","locations":[{"start":{"line":8,"column":12},"end":{"line":8,"column":44}},{"start":{"line":8,"column":48},"end":{"line":8,"column":63}}]},"4":{"loc":{"start":{"line":9,"column":15},"end":{"line":9,"column":59}},"type":"binary-expr","locations":[{"start":{"line":9,"column":15},"end":{"line":9,"column":51}},{"start":{"line":9,"column":55},"end":{"line":9,"column":59}}]},"5":{"loc":{"start":{"line":12,"column":9},"end":{"line":12,"column":60}},"type":"binary-expr","locations":[{"start":{"line":12,"column":9},"end":{"line":12,"column":33}},{"start":{"line":12,"column":37},"end":{"line":12,"column":60}}]},"6":{"loc":{"start":{"line":13,"column":11},"end":{"line":13,"column":52}},"type":"binary-expr","locations":[{"start":{"line":13,"column":11},"end":{"line":13,"column":37}},{"start":{"line":13,"column":41},"end":{"line":13,"column":52}}]}},"s":{"0":4,"1":30},"f":{"0":30},"b":{"0":[30,5],"1":[30,5],"2":[30,30],"3":[30,5],"4":[30,30],"5":[30,5],"6":[30,5]}}
,"/Users/stanislauryzhkou/Programming/WUT/DiplomaThesis/Backend/AuthMicroservice/src/controllers/authController.ts": {"path":"/Users/stanislauryzhkou/Programming/WUT/DiplomaThesis/Backend/AuthMicroservice/src/controllers/authController.ts","statementMap":{"0":{"start":{"line":1,"column":0},"end":{"line":1,"column":null}},"1":{"start":{"line":16,"column":0},"end":{"line":16,"column":54}},"2":{"start":{"line":17,"column":0},"end":{"line":17,"column":54}},"3":{"start":{"line":18,"column":0},"end":{"line":18,"column":44}},"4":{"start":{"line":20,"column":0},"end":{"line":20,"column":50}},"5":{"start":{"line":21,"column":0},"end":{"line":21,"column":50}},"6":{"start":{"line":22,"column":0},"end":{"line":22,"column":42}},"7":{"start":{"line":24,"column":23},"end":{"line":24,"column":37}},"8":{"start":{"line":25,"column":34},"end":{"line":25,"column":57}},"9":{"start":{"line":28,"column":17},"end":{"line":28,"column":54}},"10":{"start":{"line":29,"column":2},"end":{"line":35,"column":4}},"11":{"start":{"line":41,"column":14},"end":{"line":41,"column":56}},"12":{"start":{"line":42,"column":15},"end":{"line":42,"column":62}},"13":{"start":{"line":43,"column":13},"end":{"line":43,"column":60}},"14":{"start":{"line":44,"column":2},"end":{"line":44,"column":47}},"15":{"start":{"line":48,"column":7},"end":{"line":181,"column":null}},"16":{"start":{"line":49,"column":22},"end":{"line":49,"column":35}},"17":{"start":{"line":57,"column":42},"end":{"line":59,"column":null}},"18":{"start":{"line":61,"column":4},"end":{"line":61,"column":69}},"19":{"start":{"line":62,"column":4},"end":{"line":65,"column":6}},"20":{"start":{"line":74,"column":25},"end":{"line":74,"column":74}},"21":{"start":{"line":75,"column":21},"end":{"line":77,"column":null}},"22":{"start":{"line":79,"column":4},"end":{"line":81,"column":5}},"23":{"start":{"line":80,"column":6},"end":{"line":80,"column":80}},"24":{"start":{"line":82,"column":4},"end":{"line":85,"column":6}},"25":{"start":{"line":95,"column":25},"end":{"line":95,"column":74}},"26":{"start":{"line":96,"column":4},"end":{"line":101,"column":5}},"27":{"start":{"line":97,"column":6},"end":{"line":100,"column":7}},"28":{"start":{"line":98,"column":8},"end":{"line":98,"column":64}},"29":{"start":{"line":102,"column":4},"end":{"line":102,"column":51}},"30":{"start":{"line":103,"column":4},"end":{"line":106,"column":6}},"31":{"start":{"line":111,"column":21},"end":{"line":111,"column":58}},"32":{"start":{"line":112,"column":4},"end":{"line":115,"column":6}},"33":{"start":{"line":120,"column":4},"end":{"line":120,"column":48}},"34":{"start":{"line":121,"column":4},"end":{"line":124,"column":6}},"35":{"start":{"line":130,"column":4},"end":{"line":137,"column":6}},"36":{"start":{"line":144,"column":21},"end":{"line":144,"column":57}},"37":{"start":{"line":145,"column":4},"end":{"line":148,"column":6}},"38":{"start":{"line":156,"column":4},"end":{"line":160,"column":6}},"39":{"start":{"line":161,"column":4},"end":{"line":161,"column":71}},"40":{"start":{"line":170,"column":4},"end":{"line":170,"column":83}},"41":{"start":{"line":171,"column":4},"end":{"line":171,"column":72}},"42":{"start":{"line":178,"column":4},"end":{"line":178,"column":46}},"43":{"start":{"line":179,"column":4},"end":{"line":179,"column":67}},"44":{"start":{"line":48,"column":13},"end":{"line":48,"column":27}},"45":{"start":{"line":52,"column":8},"end":{"line":66,"column":null}},"46":{"start":{"line":69,"column":8},"end":{"line":86,"column":null}},"47":{"start":{"line":90,"column":8},"end":{"line":107,"column":null}},"48":{"start":{"line":110,"column":8},"end":{"line":116,"column":null}},"49":{"start":{"line":119,"column":8},"end":{"line":125,"column":null}},"50":{"start":{"line":129,"column":8},"end":{"line":138,"column":null}},"51":{"start":{"line":143,"column":8},"end":{"line":149,"column":null}},"52":{"start":{"line":152,"column":8},"end":{"line":162,"column":null}},"53":{"start":{"line":167,"column":8},"end":{"line":172,"column":null}},"54":{"start":{"line":177,"column":8},"end":{"line":180,"column":null}},"55":{"start":{"line":48,"column":13},"end":{"line":181,"column":null}}},"fnMap":{"0":{"name":"refreshCookieOptions","decl":{"start":{"line":27,"column":9},"end":{"line":27,"column":29}},"loc":{"start":{"line":27,"column":29},"end":{"line":36,"column":1}}},"1":{"name":"fingerprintFor","decl":{"start":{"line":40,"column":9},"end":{"line":40,"column":23}},"loc":{"start":{"line":40,"column":43},"end":{"line":45,"column":1}}},"2":{"name":"(anonymous_6)","decl":{"start":{"line":49,"column":2},"end":{"line":49,"column":22}},"loc":{"start":{"line":49,"column":46},"end":{"line":49,"column":50}}},"3":{"name":"(anonymous_7)","decl":{"start":{"line":52,"column":2},"end":{"line":52,"column":7}},"loc":{"start":{"line":55,"column":45},"end":{"line":66,"column":3}}},"4":{"name":"(anonymous_8)","decl":{"start":{"line":69,"column":2},"end":{"line":69,"column":7}},"loc":{"start":{"line":72,"column":45},"end":{"line":86,"column":3}}},"5":{"name":"(anonymous_9)","decl":{"start":{"line":90,"column":2},"end":{"line":90,"column":7}},"loc":{"start":{"line":93,"column":45},"end":{"line":107,"column":3}}},"6":{"name":"(anonymous_10)","decl":{"start":{"line":110,"column":2},"end":{"line":110,"column":7}},"loc":{"start":{"line":110,"column":38},"end":{"line":116,"column":3}}},"7":{"name":"(anonymous_11)","decl":{"start":{"line":119,"column":2},"end":{"line":119,"column":7}},"loc":{"start":{"line":119,"column":50},"end":{"line":125,"column":3}}},"8":{"name":"(anonymous_12)","decl":{"start":{"line":129,"column":2},"end":{"line":129,"column":7}},"loc":{"start":{"line":129,"column":58},"end":{"line":138,"column":3}}},"9":{"name":"(anonymous_13)","decl":{"start":{"line":143,"column":2},"end":{"line":143,"column":7}},"loc":{"start":{"line":143,"column":19},"end":{"line":149,"column":3}}},"10":{"name":"(anonymous_14)","decl":{"start":{"line":152,"column":2},"end":{"line":152,"column":7}},"loc":{"start":{"line":154,"column":66},"end":{"line":162,"column":3}}},"11":{"name":"(anonymous_15)","decl":{"start":{"line":167,"column":2},"end":{"line":167,"column":7}},"loc":{"start":{"line":168,"column":46},"end":{"line":172,"column":3}}},"12":{"name":"(anonymous_16)","decl":{"start":{"line":177,"column":2},"end":{"line":177,"column":7}},"loc":{"start":{"line":177,"column":42},"end":{"line":180,"column":3}}}},"branchMap":{"0":{"loc":{"start":{"line":41,"column":14},"end":{"line":41,"column":56}},"type":"binary-expr","locations":[{"start":{"line":41,"column":14},"end":{"line":41,"column":50}},{"start":{"line":41,"column":54},"end":{"line":41,"column":56}}]},"1":{"loc":{"start":{"line":42,"column":15},"end":{"line":42,"column":62}},"type":"binary-expr","locations":[{"start":{"line":42,"column":15},"end":{"line":42,"column":56}},{"start":{"line":42,"column":60},"end":{"line":42,"column":62}}]},"2":{"loc":{"start":{"line":43,"column":13},"end":{"line":43,"column":60}},"type":"cond-expr","locations":[{"start":{"line":43,"column":19},"end":{"line":43,"column":43}},{"start":{"line":43,"column":47},"end":{"line":43,"column":59}}]},"3":{"loc":{"start":{"line":43,"column":47},"end":{"line":43,"column":59}},"type":"binary-expr","locations":[{"start":{"line":43,"column":47},"end":{"line":43,"column":53}},{"start":{"line":43,"column":57},"end":{"line":43,"column":59}}]},"4":{"loc":{"start":{"line":74,"column":25},"end":{"line":74,"column":74}},"type":"binary-expr","locations":[{"start":{"line":74,"column":25},"end":{"line":74,"column":54}},{"start":{"line":74,"column":58},"end":{"line":74,"column":74}}]},"5":{"loc":{"start":{"line":79,"column":4},"end":{"line":81,"column":5}},"type":"if","locations":[{"start":{"line":79,"column":4},"end":{"line":81,"column":5}}]},"6":{"loc":{"start":{"line":95,"column":25},"end":{"line":95,"column":74}},"type":"binary-expr","locations":[{"start":{"line":95,"column":25},"end":{"line":95,"column":54}},{"start":{"line":95,"column":58},"end":{"line":95,"column":74}}]},"7":{"loc":{"start":{"line":96,"column":4},"end":{"line":101,"column":5}},"type":"if","locations":[{"start":{"line":96,"column":4},"end":{"line":101,"column":5}}]}},"s":{"0":1,"1":1,"2":1,"3":1,"4":1,"5":1,"6":1,"7":1,"8":1,"9":2,"10":2,"11":2,"12":2,"13":2,"14":2,"15":1,"16":14,"17":1,"18":1,"19":1,"20":1,"21":1,"22":1,"23":1,"24":1,"25":1,"26":1,"27":1,"28":1,"29":1,"30":1,"31":1,"32":1,"33":1,"34":1,"35":1,"36":1,"37":1,"38":1,"39":1,"40":3,"41":2,"42":2,"43":1,"44":1,"45":1,"46":1,"47":1,"48":1,"49":1,"50":1,"51":1,"52":1,"53":1,"54":1,"55":1},"f":{"0":2,"1":2,"2":14,"3":1,"4":1,"5":1,"6":1,"7":1,"8":1,"9":1,"10":1,"11":3,"12":2},"b":{"0":[2,0],"1":[2,0],"2":[2,0],"3":[0,0],"4":[1,0],"5":[1],"6":[1,0],"7":[1]}}
,"/Users/stanislauryzhkou/Programming/WUT/DiplomaThesis/Backend/AuthMicroservice/src/controllers/healthController.ts": {"path":"/Users/stanislauryzhkou/Programming/WUT/DiplomaThesis/Backend/AuthMicroservice/src/controllers/healthController.ts","statementMap":{"0":{"start":{"line":1,"column":0},"end":{"line":1,"column":49}},"1":{"start":{"line":4,"column":7},"end":{"line":9,"column":null}},"2":{"start":{"line":7,"column":4},"end":{"line":7,"column":45}},"3":{"start":{"line":4,"column":13},"end":{"line":4,"column":29}},"4":{"start":{"line":6,"column":2},"end":{"line":8,"column":null}},"5":{"start":{"line":4,"column":13},"end":{"line":9,"column":null}}},"fnMap":{"0":{"name":"(anonymous_2)","decl":{"start":{"line":6,"column":2},"end":{"line":6,"column":8}},"loc":{"start":{"line":6,"column":8},"end":{"line":8,"column":3}}}},"branchMap":{},"s":{"0":1,"1":1,"2":1,"3":1,"4":1,"5":1},"f":{"0":1},"b":{}}
,"/Users/stanislauryzhkou/Programming/WUT/DiplomaThesis/Backend/AuthMicroservice/src/dtos/loginDto.ts": {"path":"/Users/stanislauryzhkou/Programming/WUT/DiplomaThesis/Backend/AuthMicroservice/src/dtos/loginDto.ts","statementMap":{"0":{"start":{"line":1,"column":0},"end":{"line":1,"column":52}},"1":{"start":{"line":3,"column":0},"end":{"line":3,"column":13}},"2":{"start":{"line":5,"column":2},"end":{"line":5,"column":null}},"3":{"start":{"line":7,"column":2},"end":{"line":7,"column":null}}},"fnMap":{},"branchMap":{},"s":{"0":1,"1":1,"2":1,"3":1},"f":{},"b":{}}
,"/Users/stanislauryzhkou/Programming/WUT/DiplomaThesis/Backend/AuthMicroservice/src/dtos/userDto.ts": {"path":"/Users/stanislauryzhkou/Programming/WUT/DiplomaThesis/Backend/AuthMicroservice/src/dtos/userDto.ts","statementMap":{"0":{"start":{"line":1,"column":0},"end":{"line":1,"column":86}},"1":{"start":{"line":3,"column":0},"end":{"line":3,"column":13}},"2":{"start":{"line":5,"column":2},"end":{"line":5,"column":null}},"3":{"start":{"line":10,"column":2},"end":{"line":10,"column":null}},"4":{"start":{"line":15,"column":2},"end":{"line":15,"column":null}},"5":{"start":{"line":20,"column":2},"end":{"line":20,"column":null}}},"fnMap":{},"branchMap":{},"s":{"0":1,"1":1,"2":1,"3":1,"4":1,"5":1},"f":{},"b":{}}
,"/Users/stanislauryzhkou/Programming/WUT/DiplomaThesis/Backend/AuthMicroservice/src/guards/jwtAuthGuard.ts": {"path":"/Users/stanislauryzhkou/Programming/WUT/DiplomaThesis/Backend/AuthMicroservice/src/guards/jwtAuthGuard.ts","statementMap":{"0":{"start":{"line":1,"column":0},"end":{"line":1,"column":62}},"1":{"start":{"line":2,"column":0},"end":{"line":2,"column":45}},"2":{"start":{"line":3,"column":0},"end":{"line":3,"column":55}},"3":{"start":{"line":6,"column":7},"end":{"line":17,"column":null}},"4":{"start":{"line":8,"column":4},"end":{"line":8,"column":38}},"5":{"start":{"line":12,"column":4},"end":{"line":14,"column":5}},"6":{"start":{"line":13,"column":6},"end":{"line":13,"column":47}},"7":{"start":{"line":15,"column":4},"end":{"line":15,"column":16}},"8":{"start":{"line":6,"column":13},"end":{"line":6,"column":25}},"9":{"start":{"line":6,"column":13},"end":{"line":17,"column":null}}},"fnMap":{"0":{"name":"(anonymous_1)","decl":{"start":{"line":7,"column":2},"end":{"line":7,"column":13}},"loc":{"start":{"line":7,"column":39},"end":{"line":9,"column":3}}},"1":{"name":"(anonymous_2)","decl":{"start":{"line":11,"column":2},"end":{"line":11,"column":15}},"loc":{"start":{"line":11,"column":31},"end":{"line":16,"column":3}}}},"branchMap":{"0":{"loc":{"start":{"line":12,"column":4},"end":{"line":14,"column":5}},"type":"if","locations":[{"start":{"line":12,"column":4},"end":{"line":14,"column":5}}]},"1":{"loc":{"start":{"line":12,"column":8},"end":{"line":12,"column":20}},"type":"binary-expr","locations":[{"start":{"line":12,"column":8},"end":{"line":12,"column":11}},{"start":{"line":12,"column":15},"end":{"line":12,"column":20}}]},"2":{"loc":{"start":{"line":13,"column":12},"end":{"line":13,"column":46}},"type":"binary-expr","locations":[{"start":{"line":13,"column":12},"end":{"line":13,"column":15}},{"start":{"line":13,"column":19},"end":{"line":13,"column":46}}]}},"s":{"0":2,"1":2,"2":2,"3":2,"4":0,"5":6,"6":5,"7":1,"8":2,"9":2},"f":{"0":0,"1":6},"b":{"0":[5],"1":[6,4],"2":[5,3]}}
,"/Users/stanislauryzhkou/Programming/WUT/DiplomaThesis/Backend/AuthMicroservice/src/guards/localAuthGuard.ts": {"path":"/Users/stanislauryzhkou/Programming/WUT/DiplomaThesis/Backend/AuthMicroservice/src/guards/localAuthGuard.ts","statementMap":{"0":{"start":{"line":1,"column":0},"end":{"line":1,"column":44}},"1":{"start":{"line":2,"column":0},"end":{"line":2,"column":45}},"2":{"start":{"line":5,"column":7},"end":{"line":5,"column":null}},"3":{"start":{"line":5,"column":13},"end":{"line":5,"column":27}},"4":{"start":{"line":5,"column":13},"end":{"line":5,"column":null}}},"fnMap":{},"branchMap":{},"s":{"0":1,"1":1,"2":1,"3":1,"4":1},"f":{},"b":{}}
,"/Users/stanislauryzhkou/Programming/WUT/DiplomaThesis/Backend/AuthMicroservice/src/guards/roles.decorator.ts": {"path":"/Users/stanislauryzhkou/Programming/WUT/DiplomaThesis/Backend/AuthMicroservice/src/guards/roles.decorator.ts","statementMap":{"0":{"start":{"line":1,"column":0},"end":{"line":1,"column":45}},"1":{"start":{"line":3,"column":21},"end":{"line":3,"column":72}},"2":{"start":{"line":3,"column":45},"end":{"line":3,"column":72}},"3":{"start":{"line":3,"column":13},"end":{"line":3,"column":21}}},"fnMap":{"0":{"name":"(anonymous_0)","decl":{"start":{"line":3,"column":21},"end":{"line":3,"column":22}},"loc":{"start":{"line":3,"column":45},"end":{"line":3,"column":72}}}},"branchMap":{},"s":{"0":1,"1":1,"2":3,"3":1},"f":{"0":3},"b":{}}
,"/Users/stanislauryzhkou/Programming/WUT/DiplomaThesis/Backend/AuthMicroservice/src/guards/rolesGuard.ts": {"path":"/Users/stanislauryzhkou/Programming/WUT/DiplomaThesis/Backend/AuthMicroservice/src/guards/rolesGuard.ts","statementMap":{"0":{"start":{"line":1,"column":0},"end":{"line":1,"column":75}},"1":{"start":{"line":2,"column":0},"end":{"line":2,"column":41}},"2":{"start":{"line":6,"column":7},"end":{"line":36,"column":null}},"3":{"start":{"line":7,"column":22},"end":{"line":7,"column":33}},"4":{"start":{"line":10,"column":18},"end":{"line":12,"column":36}},"5":{"start":{"line":14,"column":4},"end":{"line":16,"column":5}},"6":{"start":{"line":15,"column":6},"end":{"line":15,"column":18}},"7":{"start":{"line":18,"column":20},"end":{"line":18,"column":55}},"8":{"start":{"line":19,"column":17},"end":{"line":19,"column":29}},"9":{"start":{"line":21,"column":4},"end":{"line":23,"column":5}},"10":{"start":{"line":22,"column":6},"end":{"line":22,"column":19}},"11":{"start":{"line":25,"column":20},"end":{"line":25,"column":60}},"12":{"start":{"line":25,"column":41},"end":{"line":25,"column":59}},"13":{"start":{"line":26,"column":4},"end":{"line":28,"column":5}},"14":{"start":{"line":27,"column":6},"end":{"line":27,"column":18}},"15":{"start":{"line":30,"column":4},"end":{"line":32,"column":5}},"16":{"start":{"line":31,"column":6},"end":{"line":31,"column":18}},"17":{"start":{"line":34,"column":4},"end":{"line":34,"column":17}},"18":{"start":{"line":6,"column":13},"end":{"line":6,"column":23}},"19":{"start":{"line":6,"column":13},"end":{"line":36,"column":null}}},"fnMap":{"0":{"name":"(anonymous_2)","decl":{"start":{"line":7,"column":2},"end":{"line":7,"column":22}},"loc":{"start":{"line":7,"column":42},"end":{"line":7,"column":46}}},"1":{"name":"(anonymous_3)","decl":{"start":{"line":9,"column":2},"end":{"line":9,"column":13}},"loc":{"start":{"line":9,"column":39},"end":{"line":35,"column":3}}},"2":{"name":"(anonymous_4)","decl":{"start":{"line":25,"column":31},"end":{"line":25,"column":32}},"loc":{"start":{"line":25,"column":41},"end":{"line":25,"column":59}}}},"branchMap":{"0":{"loc":{"start":{"line":14,"column":4},"end":{"line":16,"column":5}},"type":"if","locations":[{"start":{"line":14,"column":4},"end":{"line":16,"column":5}}]},"1":{"loc":{"start":{"line":14,"column":8},"end":{"line":14,"column":39}},"type":"binary-expr","locations":[{"start":{"line":14,"column":8},"end":{"line":14,"column":14}},{"start":{"line":14,"column":18},"end":{"line":14,"column":39}}]},"2":{"loc":{"start":{"line":21,"column":4},"end":{"line":23,"column":5}},"type":"if","locations":[{"start":{"line":21,"column":4},"end":{"line":23,"column":5}}]},"3":{"loc":{"start":{"line":26,"column":4},"end":{"line":28,"column":5}},"type":"if","locations":[{"start":{"line":26,"column":4},"end":{"line":28,"column":5}}]},"4":{"loc":{"start":{"line":30,"column":4},"end":{"line":32,"column":5}},"type":"if","locations":[{"start":{"line":30,"column":4},"end":{"line":32,"column":5}}]}},"s":{"0":2,"1":2,"2":2,"3":14,"4":14,"5":14,"6":3,"7":11,"8":11,"9":11,"10":2,"11":9,"12":10,"13":9,"14":4,"15":5,"16":2,"17":3,"18":2,"19":2},"f":{"0":14,"1":14,"2":10},"b":{"0":[3],"1":[14,13],"2":[2],"3":[4],"4":[2]}}
,"/Users/stanislauryzhkou/Programming/WUT/DiplomaThesis/Backend/AuthMicroservice/src/middlewares/errorHandlingMiddleware.ts": {"path":"/Users/stanislauryzhkou/Programming/WUT/DiplomaThesis/Backend/AuthMicroservice/src/middlewares/errorHandlingMiddleware.ts","statementMap":{"0":{"start":{"line":1,"column":0},"end":{"line":1,"column":null}},"1":{"start":{"line":10,"column":0},"end":{"line":10,"column":68}},"2":{"start":{"line":13,"column":0},"end":{"line":13,"column":null}},"3":{"start":{"line":34,"column":19},"end":{"line":34,"column":42}},"4":{"start":{"line":35,"column":2},"end":{"line":48,"column":3}},"5":{"start":{"line":36,"column":16},"end":{"line":36,"column":51}},"6":{"start":{"line":37,"column":17},"end":{"line":37,"column":68}},"7":{"start":{"line":38,"column":18},"end":{"line":38,"column":29}},"8":{"start":{"line":40,"column":4},"end":{"line":46,"column":5}},"9":{"start":{"line":41,"column":6},"end":{"line":41,"column":22}},"10":{"start":{"line":42,"column":11},"end":{"line":46,"column":5}},"11":{"start":{"line":43,"column":6},"end":{"line":43,"column":33}},"12":{"start":{"line":45,"column":6},"end":{"line":45,"column":34}},"13":{"start":{"line":47,"column":4},"end":{"line":47,"column":29}},"14":{"start":{"line":49,"column":2},"end":{"line":49,"column":40}},"15":{"start":{"line":53,"column":7},"end":{"line":118,"column":null}},"16":{"start":{"line":90,"column":2},"end":{"line":117,"column":4}},"17":{"start":{"line":91,"column":16},"end":{"line":91,"column":35}},"18":{"start":{"line":92,"column":21},"end":{"line":92,"column":48}},"19":{"start":{"line":93,"column":19},"end":{"line":93,"column":40}},"20":{"start":{"line":95,"column":30},"end":{"line":95,"column":62}},"21":{"start":{"line":96,"column":44},"end":{"line":103,"column":6}},"22":{"start":{"line":105,"column":4},"end":{"line":114,"column":5}},"23":{"start":{"line":106,"column":31},"end":{"line":106,"column":54}},"24":{"start":{"line":107,"column":6},"end":{"line":113,"column":7}},"25":{"start":{"line":108,"column":23},"end":{"line":108,"column":66}},"26":{"start":{"line":109,"column":22},"end":{"line":109,"column":39}},"27":{"start":{"line":110,"column":8},"end":{"line":112,"column":9}},"28":{"start":{"line":111,"column":10},"end":{"line":111,"column":46}},"29":{"start":{"line":116,"column":4},"end":{"line":116,"column":47}},"30":{"start":{"line":55,"column":4},"end":{"line":64,"column":5}},"31":{"start":{"line":56,"column":6},"end":{"line":62,"column":8}},"32":{"start":{"line":63,"column":6},"end":{"line":63,"column":13}},"33":{"start":{"line":66,"column":4},"end":{"line":75,"column":5}},"34":{"start":{"line":67,"column":6},"end":{"line":73,"column":8}},"35":{"start":{"line":74,"column":6},"end":{"line":74,"column":13}},"36":{"start":{"line":77,"column":4},"end":{"line":87,"column":5}},"37":{"start":{"line":78,"column":6},"end":{"line":78,"column":40}},"38":{"start":{"line":80,"column":6},"end":{"line":86,"column":8}},"39":{"start":{"line":53,"column":13},"end":{"line":53,"column":36}},"40":{"start":{"line":53,"column":13},"end":{"line":118,"column":null}}},"fnMap":{"0":{"name":"extractCodeAndMessage","decl":{"start":{"line":31,"column":9},"end":{"line":31,"column":30}},"loc":{"start":{"line":32,"column":26},"end":{"line":50,"column":1}}},"1":{"name":"(anonymous_2)","decl":{"start":{"line":53,"column":7},"end":{"line":53,"column":13}},"loc":{"start":{"line":53,"column":7},"end":{"line":118,"column":1}}},"2":{"name":"(anonymous_3)","decl":{"start":{"line":90,"column":16},"end":{"line":90,"column":17}},"loc":{"start":{"line":90,"column":66},"end":{"line":117,"column":3}}},"3":{"name":"(anonymous_4)","decl":{"start":{"line":54,"column":2},"end":{"line":54,"column":7}},"loc":{"start":{"line":54,"column":45},"end":{"line":88,"column":3}}}},"branchMap":{"0":{"loc":{"start":{"line":35,"column":2},"end":{"line":48,"column":3}},"type":"if","locations":[{"start":{"line":35,"column":2},"end":{"line":48,"column":3}}]},"1":{"loc":{"start":{"line":35,"column":6},"end":{"line":35,"column":55}},"type":"binary-expr","locations":[{"start":{"line":35,"column":6},"end":{"line":35,"column":34}},{"start":{"line":35,"column":38},"end":{"line":35,"column":55}}]},"2":{"loc":{"start":{"line":37,"column":17},"end":{"line":37,"column":68}},"type":"cond-expr","locations":[{"start":{"line":37,"column":48},"end":{"line":37,"column":56}},{"start":{"line":37,"column":59},"end":{"line":37,"column":68}}]},"3":{"loc":{"start":{"line":40,"column":4},"end":{"line":46,"column":5}},"type":"if","locations":[{"start":{"line":40,"column":4},"end":{"line":46,"column":5}},{"start":{"line":42,"column":11},"end":{"line":46,"column":5}}]},"4":{"loc":{"start":{"line":42,"column":11},"end":{"line":46,"column":5}},"type":"if","locations":[{"start":{"line":42,"column":11},"end":{"line":46,"column":5}},{"start":{"line":44,"column":11},"end":{"line":46,"column":5}}]},"5":{"loc":{"start":{"line":105,"column":4},"end":{"line":114,"column":5}},"type":"if","locations":[{"start":{"line":105,"column":4},"end":{"line":114,"column":5}}]},"6":{"loc":{"start":{"line":107,"column":6},"end":{"line":113,"column":7}},"type":"if","locations":[{"start":{"line":107,"column":6},"end":{"line":113,"column":7}}]},"7":{"loc":{"start":{"line":107,"column":10},"end":{"line":107,"column":75}},"type":"binary-expr","locations":[{"start":{"line":107,"column":10},"end":{"line":107,"column":46}},{"start":{"line":107,"column":50},"end":{"line":107,"column":75}}]},"8":{"loc":{"start":{"line":110,"column":8},"end":{"line":112,"column":9}},"type":"if","locations":[{"start":{"line":110,"column":8},"end":{"line":112,"column":9}}]},"9":{"loc":{"start":{"line":55,"column":4},"end":{"line":64,"column":5}},"type":"if","locations":[{"start":{"line":55,"column":4},"end":{"line":64,"column":5}}]},"10":{"loc":{"start":{"line":66,"column":4},"end":{"line":75,"column":5}},"type":"if","locations":[{"start":{"line":66,"column":4},"end":{"line":75,"column":5}}]},"11":{"loc":{"start":{"line":77,"column":4},"end":{"line":87,"column":5}},"type":"if","locations":[{"start":{"line":77,"column":4},"end":{"line":87,"column":5}},{"start":{"line":79,"column":11},"end":{"line":87,"column":5}}]},"12":{"loc":{"start":{"line":83,"column":19},"end":{"line":83,"column":63}},"type":"binary-expr","locations":[{"start":{"line":83,"column":19},"end":{"line":83,"column":36}},{"start":{"line":83,"column":40},"end":{"line":83,"column":63}}]}},"s":{"0":1,"1":1,"2":1,"3":7,"4":7,"5":6,"6":6,"7":6,"8":6,"9":5,"10":1,"11":1,"12":0,"13":6,"14":1,"15":1,"16":7,"17":7,"18":7,"19":7,"20":7,"21":7,"22":7,"23":1,"24":1,"25":1,"26":1,"27":1,"28":1,"29":7,"30":7,"31":1,"32":1,"33":6,"34":1,"35":1,"36":5,"37":4,"38":1,"39":1,"40":1},"f":{"0":7,"1":7,"2":7,"3":7},"b":{"0":[6],"1":[7,6],"2":[3,3],"3":[5,1],"4":[1,0],"5":[1],"6":[1],"7":[1,1],"8":[1],"9":[1],"10":[1],"11":[4,1],"12":[1,0]}}
,"/Users/stanislauryzhkou/Programming/WUT/DiplomaThesis/Backend/AuthMicroservice/src/middlewares/jwtPayloadMiddleware.ts": {"path":"/Users/stanislauryzhkou/Programming/WUT/DiplomaThesis/Backend/AuthMicroservice/src/middlewares/jwtPayloadMiddleware.ts","statementMap":{"0":{"start":{"line":1,"column":0},"end":{"line":1,"column":72}},"1":{"start":{"line":3,"column":0},"end":{"line":3,"column":41}},"2":{"start":{"line":4,"column":0},"end":{"line":4,"column":45}},"3":{"start":{"line":5,"column":0},"end":{"line":5,"column":79}},"4":{"start":{"line":8,"column":7},"end":{"line":31,"column":null}},"5":{"start":{"line":9,"column":31},"end":{"line":9,"column":43}},"6":{"start":{"line":12,"column":23},"end":{"line":12,"column":48}},"7":{"start":{"line":13,"column":4},"end":{"line":28,"column":5}},"8":{"start":{"line":14,"column":20},"end":{"line":14,"column":44}},"9":{"start":{"line":15,"column":22},"end":{"line":15,"column":84}},"10":{"start":{"line":16,"column":6},"end":{"line":20,"column":null}},"11":{"start":{"line":21,"column":6},"end":{"line":27,"column":7}},"12":{"start":{"line":22,"column":8},"end":{"line":26,"column":10}},"13":{"start":{"line":29,"column":4},"end":{"line":29,"column":11}},"14":{"start":{"line":8,"column":13},"end":{"line":8,"column":33}},"15":{"start":{"line":8,"column":13},"end":{"line":31,"column":null}}},"fnMap":{"0":{"name":"(anonymous_2)","decl":{"start":{"line":9,"column":2},"end":{"line":9,"column":31}},"loc":{"start":{"line":9,"column":53},"end":{"line":9,"column":58}}},"1":{"name":"(anonymous_3)","decl":{"start":{"line":11,"column":2},"end":{"line":11,"column":5}},"loc":{"start":{"line":11,"column":53},"end":{"line":30,"column":3}}}},"branchMap":{"0":{"loc":{"start":{"line":13,"column":4},"end":{"line":28,"column":5}},"type":"if","locations":[{"start":{"line":13,"column":4},"end":{"line":28,"column":5}}]},"1":{"loc":{"start":{"line":13,"column":8},"end":{"line":13,"column":54}},"type":"binary-expr","locations":[{"start":{"line":13,"column":8},"end":{"line":13,"column":18}},{"start":{"line":13,"column":22},"end":{"line":13,"column":54}}]},"2":{"loc":{"start":{"line":21,"column":6},"end":{"line":27,"column":7}},"type":"if","locations":[{"start":{"line":21,"column":6},"end":{"line":27,"column":7}}]}},"s":{"0":1,"1":1,"2":1,"3":1,"4":1,"5":7,"6":7,"7":7,"8":5,"9":5,"10":2,"11":2,"12":0,"13":4,"14":1,"15":1},"f":{"0":7,"1":7},"b":{"0":[5],"1":[7,6],"2":[0]}}
,"/Users/stanislauryzhkou/Programming/WUT/DiplomaThesis/Backend/AuthMicroservice/src/services/authService.ts": {"path":"/Users/stanislauryzhkou/Programming/WUT/DiplomaThesis/Backend/AuthMicroservice/src/services/authService.ts","statementMap":{"0":{"start":{"line":1,"column":0},"end":{"line":1,"column":41}},"1":{"start":{"line":2,"column":0},"end":{"line":2,"column":59}},"2":{"start":{"line":3,"column":0},"end":{"line":3,"column":33}},"3":{"start":{"line":5,"column":0},"end":{"line":5,"column":45}},"4":{"start":{"line":7,"column":0},"end":{"line":7,"column":36}},"5":{"start":{"line":8,"column":0},"end":{"line":8,"column":null}},"6":{"start":{"line":14,"column":0},"end":{"line":14,"column":40}},"7":{"start":{"line":15,"column":0},"end":{"line":15,"column":52}},"8":{"start":{"line":16,"column":0},"end":{"line":16,"column":37}},"9":{"start":{"line":17,"column":0},"end":{"line":17,"column":null}},"10":{"start":{"line":30,"column":27},"end":{"line":30,"column":28}},"11":{"start":{"line":31,"column":31},"end":{"line":31,"column":45}},"12":{"start":{"line":37,"column":21},"end":{"line":37,"column":53}},"13":{"start":{"line":39,"column":2},"end":{"line":39,"column":36}},"14":{"start":{"line":42,"column":24},"end":{"line":42,"column":37}},"15":{"start":{"line":43,"column":22},"end":{"line":43,"column":47}},"16":{"start":{"line":46,"column":24},"end":{"line":432,"column":null}},"17":{"start":{"line":50,"column":21},"end":{"line":50,"column":33}},"18":{"start":{"line":51,"column":21},"end":{"line":51,"column":29}},"19":{"start":{"line":52,"column":46},"end":{"line":52,"column":60}},"20":{"start":{"line":47,"column":19},"end":{"line":47,"column":57}},"21":{"start":{"line":56,"column":4},"end":{"line":56,"column":38}},"22":{"start":{"line":60,"column":17},"end":{"line":60,"column":72}},"23":{"start":{"line":61,"column":4},"end":{"line":74,"column":5}},"24":{"start":{"line":62,"column":26},"end":{"line":64,"column":8}},"25":{"start":{"line":65,"column":6},"end":{"line":73,"column":7}},"26":{"start":{"line":66,"column":30},"end":{"line":68,"column":null}},"27":{"start":{"line":70,"column":8},"end":{"line":72,"column":9}},"28":{"start":{"line":71,"column":10},"end":{"line":71,"column":22}},"29":{"start":{"line":75,"column":4},"end":{"line":75,"column":16}},"30":{"start":{"line":79,"column":16},"end":{"line":79,"column":41}},"31":{"start":{"line":80,"column":16},"end":{"line":80,"column":26}},"32":{"start":{"line":81,"column":20},"end":{"line":81,"column":41}},"33":{"start":{"line":82,"column":4},"end":{"line":88,"column":5}},"34":{"start":{"line":83,"column":6},"end":{"line":87,"column":8}},"35":{"start":{"line":90,"column":17},"end":{"line":90,"column":75}},"36":{"start":{"line":91,"column":4},"end":{"line":107,"column":5}},"37":{"start":{"line":93,"column":8},"end":{"line":93,"column":73}},"38":{"start":{"line":94,"column":37},"end":{"line":96,"column":58}},"39":{"start":{"line":97,"column":6},"end":{"line":97,"column":25}},"40":{"start":{"line":98,"column":6},"end":{"line":100,"column":7}},"41":{"start":{"line":99,"column":8},"end":{"line":99,"column":59}},"42":{"start":{"line":101,"column":6},"end":{"line":101,"column":37}},"43":{"start":{"line":102,"column":6},"end":{"line":106,"column":8}},"44":{"start":{"line":108,"column":4},"end":{"line":108,"column":29}},"45":{"start":{"line":109,"column":24},"end":{"line":109,"column":54}},"46":{"start":{"line":110,"column":25},"end":{"line":110,"column":73}},"47":{"start":{"line":111,"column":4},"end":{"line":114,"column":6}},"48":{"start":{"line":118,"column":27},"end":{"line":118,"column":66}},"49":{"start":{"line":119,"column":24},"end":{"line":121,"column":6}},"50":{"start":{"line":122,"column":4},"end":{"line":128,"column":5}},"51":{"start":{"line":123,"column":6},"end":{"line":127,"column":8}},"52":{"start":{"line":129,"column":17},"end":{"line":139,"column":6}},"53":{"start":{"line":141,"column":4},"end":{"line":155,"column":9}},"54":{"start":{"line":152,"column":10},"end":{"line":153,"column":null}},"55":{"start":{"line":157,"column":4},"end":{"line":157,"column":16}},"56":{"start":{"line":161,"column":19},"end":{"line":161,"column":63}},"57":{"start":{"line":162,"column":4},"end":{"line":165,"column":21}},"58":{"start":{"line":169,"column":18},"end":{"line":174,"column":null}},"59":{"start":{"line":177,"column":4},"end":{"line":183,"column":7}},"60":{"start":{"line":185,"column":4},"end":{"line":185,"column":17}},"61":{"start":{"line":189,"column":4},"end":{"line":199,"column":6}},"62":{"start":{"line":203,"column":4},"end":{"line":209,"column":5}},"63":{"start":{"line":204,"column":6},"end":{"line":208,"column":8}},"64":{"start":{"line":212,"column":4},"end":{"line":222,"column":5}},"65":{"start":{"line":213,"column":6},"end":{"line":215,"column":9}},"66":{"start":{"line":217,"column":6},"end":{"line":221,"column":8}},"67":{"start":{"line":223,"column":4},"end":{"line":229,"column":5}},"68":{"start":{"line":224,"column":6},"end":{"line":228,"column":8}},"69":{"start":{"line":231,"column":31},"end":{"line":233,"column":6}},"70":{"start":{"line":235,"column":4},"end":{"line":247,"column":5}},"71":{"start":{"line":236,"column":6},"end":{"line":238,"column":9}},"72":{"start":{"line":239,"column":6},"end":{"line":241,"column":8}},"73":{"start":{"line":242,"column":6},"end":{"line":246,"column":8}},"74":{"start":{"line":249,"column":4},"end":{"line":265,"column":5}},"75":{"start":{"line":254,"column":6},"end":{"line":256,"column":9}},"76":{"start":{"line":257,"column":6},"end":{"line":259,"column":8}},"77":{"start":{"line":260,"column":6},"end":{"line":264,"column":8}},"78":{"start":{"line":267,"column":17},"end":{"line":269,"column":6}},"79":{"start":{"line":270,"column":4},"end":{"line":276,"column":5}},"80":{"start":{"line":271,"column":6},"end":{"line":275,"column":8}},"81":{"start":{"line":278,"column":24},"end":{"line":278,"column":54}},"82":{"start":{"line":279,"column":25},"end":{"line":279,"column":68}},"83":{"start":{"line":282,"column":4},"end":{"line":303,"column":5}},"84":{"start":{"line":283,"column":6},"end":{"line":302,"column":9}},"85":{"start":{"line":284,"column":8},"end":{"line":286,"column":11}},"86":{"start":{"line":287,"column":21},"end":{"line":292,"column":null}},"87":{"start":{"line":294,"column":8},"end":{"line":300,"column":11}},"88":{"start":{"line":301,"column":8},"end":{"line":301,"column":20}},"89":{"start":{"line":305,"column":4},"end":{"line":308,"column":6}},"90":{"start":{"line":312,"column":4},"end":{"line":312,"column":64}},"91":{"start":{"line":316,"column":4},"end":{"line":319,"column":7}},"92":{"start":{"line":321,"column":4},"end":{"line":326,"column":6}},"93":{"start":{"line":330,"column":4},"end":{"line":336,"column":5}},"94":{"start":{"line":331,"column":6},"end":{"line":335,"column":8}},"95":{"start":{"line":337,"column":16},"end":{"line":337,"column":32}},"96":{"start":{"line":339,"column":19},"end":{"line":339,"column":41}},"97":{"start":{"line":340,"column":16},"end":{"line":340,"column":26}},"98":{"start":{"line":341,"column":4},"end":{"line":348,"column":5}},"99":{"start":{"line":342,"column":25},"end":{"line":342,"column":77}},"100":{"start":{"line":343,"column":6},"end":{"line":347,"column":8}},"101":{"start":{"line":349,"column":4},"end":{"line":349,"column":32}},"102":{"start":{"line":351,"column":17},"end":{"line":351,"column":72}},"103":{"start":{"line":352,"column":4},"end":{"line":358,"column":5}},"104":{"start":{"line":353,"column":6},"end":{"line":357,"column":8}},"105":{"start":{"line":359,"column":24},"end":{"line":359,"column":32}},"106":{"start":{"line":360,"column":27},"end":{"line":360,"column":61}},"107":{"start":{"line":361,"column":4},"end":{"line":364,"column":7}},"108":{"start":{"line":366,"column":4},"end":{"line":372,"column":6}},"109":{"start":{"line":374,"column":4},"end":{"line":374,"column":23}},"110":{"start":{"line":378,"column":20},"end":{"line":380,"column":6}},"111":{"start":{"line":381,"column":21},"end":{"line":381,"column":43}},"112":{"start":{"line":382,"column":22},"end":{"line":382,"column":53}},"113":{"start":{"line":383,"column":4},"end":{"line":383,"column":32}},"114":{"start":{"line":387,"column":4},"end":{"line":387,"column":66}},"115":{"start":{"line":389,"column":4},"end":{"line":393,"column":6}},"116":{"start":{"line":397,"column":4},"end":{"line":397,"column":45}},"117":{"start":{"line":405,"column":17},"end":{"line":405,"column":77}},"118":{"start":{"line":406,"column":4},"end":{"line":412,"column":5}},"119":{"start":{"line":407,"column":6},"end":{"line":411,"column":8}},"120":{"start":{"line":413,"column":24},"end":{"line":415,"column":6}},"121":{"start":{"line":416,"column":4},"end":{"line":425,"column":5}},"122":{"start":{"line":420,"column":6},"end":{"line":424,"column":8}},"123":{"start":{"line":426,"column":30},"end":{"line":426,"column":64}},"124":{"start":{"line":427,"column":4},"end":{"line":430,"column":7}},"125":{"start":{"line":46,"column":13},"end":{"line":46,"column":24}},"126":{"start":{"line":46,"column":13},"end":{"line":432,"column":null}}},"fnMap":{"0":{"name":"failedKey","decl":{"start":{"line":38,"column":9},"end":{"line":38,"column":18}},"loc":{"start":{"line":38,"column":32},"end":{"line":40,"column":1}}},"1":{"name":"(anonymous_5)","decl":{"start":{"line":49,"column":2},"end":{"line":49,"column":null}},"loc":{"start":{"line":52,"column":71},"end":{"line":53,"column":6}}},"2":{"name":"(anonymous_6)","decl":{"start":{"line":55,"column":2},"end":{"line":55,"column":7}},"loc":{"start":{"line":55,"column":20},"end":{"line":57,"column":3}}},"3":{"name":"(anonymous_7)","decl":{"start":{"line":59,"column":2},"end":{"line":59,"column":7}},"loc":{"start":{"line":59,"column":52},"end":{"line":76,"column":3}}},"4":{"name":"(anonymous_8)","decl":{"start":{"line":78,"column":2},"end":{"line":78,"column":7}},"loc":{"start":{"line":78,"column":54},"end":{"line":115,"column":3}}},"5":{"name":"(anonymous_9)","decl":{"start":{"line":117,"column":2},"end":{"line":117,"column":7}},"loc":{"start":{"line":117,"column":33},"end":{"line":158,"column":3}}},"6":{"name":"(anonymous_10)","decl":{"start":{"line":151,"column":15},"end":{"line":151,"column":16}},"loc":{"start":{"line":152,"column":10},"end":{"line":153,"column":null}}},"7":{"name":"(anonymous_11)","decl":{"start":{"line":160,"column":2},"end":{"line":160,"column":8}},"loc":{"start":{"line":160,"column":56},"end":{"line":166,"column":3}}},"8":{"name":"(anonymous_12)","decl":{"start":{"line":168,"column":2},"end":{"line":168,"column":7}},"loc":{"start":{"line":168,"column":59},"end":{"line":186,"column":3}}},"9":{"name":"(anonymous_13)","decl":{"start":{"line":188,"column":2},"end":{"line":188,"column":21}},"loc":{"start":{"line":188,"column":32},"end":{"line":200,"column":3}}},"10":{"name":"(anonymous_14)","decl":{"start":{"line":202,"column":2},"end":{"line":202,"column":7}},"loc":{"start":{"line":202,"column":63},"end":{"line":309,"column":3}}},"11":{"name":"(anonymous_15)","decl":{"start":{"line":283,"column":55},"end":{"line":283,"column":60}},"loc":{"start":{"line":283,"column":68},"end":{"line":302,"column":7}}},"12":{"name":"(anonymous_16)","decl":{"start":{"line":311,"column":2},"end":{"line":311,"column":7}},"loc":{"start":{"line":311,"column":40},"end":{"line":313,"column":3}}},"13":{"name":"(anonymous_17)","decl":{"start":{"line":315,"column":2},"end":{"line":315,"column":7}},"loc":{"start":{"line":315,"column":59},"end":{"line":327,"column":3}}},"14":{"name":"(anonymous_18)","decl":{"start":{"line":329,"column":2},"end":{"line":329,"column":7}},"loc":{"start":{"line":329,"column":35},"end":{"line":375,"column":3}}},"15":{"name":"(anonymous_19)","decl":{"start":{"line":377,"column":10},"end":{"line":377,"column":15}},"loc":{"start":{"line":377,"column":55},"end":{"line":384,"column":3}}},"16":{"name":"(anonymous_20)","decl":{"start":{"line":386,"column":2},"end":{"line":386,"column":7}},"loc":{"start":{"line":386,"column":43},"end":{"line":394,"column":3}}},"17":{"name":"(anonymous_21)","decl":{"start":{"line":396,"column":2},"end":{"line":396,"column":7}},"loc":{"start":{"line":396,"column":19},"end":{"line":398,"column":3}}},"18":{"name":"(anonymous_22)","decl":{"start":{"line":400,"column":2},"end":{"line":400,"column":7}},"loc":{"start":{"line":403,"column":23},"end":{"line":431,"column":3}}}},"branchMap":{"0":{"loc":{"start":{"line":61,"column":4},"end":{"line":74,"column":5}},"type":"if","locations":[{"start":{"line":61,"column":4},"end":{"line":74,"column":5}}]},"1":{"loc":{"start":{"line":65,"column":6},"end":{"line":73,"column":7}},"type":"if","locations":[{"start":{"line":65,"column":6},"end":{"line":73,"column":7}}]},"2":{"loc":{"start":{"line":70,"column":8},"end":{"line":72,"column":9}},"type":"if","locations":[{"start":{"line":70,"column":8},"end":{"line":72,"column":9}}]},"3":{"loc":{"start":{"line":82,"column":4},"end":{"line":88,"column":5}},"type":"if","locations":[{"start":{"line":82,"column":4},"end":{"line":88,"column":5}}]},"4":{"loc":{"start":{"line":82,"column":8},"end":{"line":82,"column":44}},"type":"binary-expr","locations":[{"start":{"line":82,"column":8},"end":{"line":82,"column":15}},{"start":{"line":82,"column":19},"end":{"line":82,"column":44}}]},"5":{"loc":{"start":{"line":91,"column":4},"end":{"line":107,"column":5}},"type":"if","locations":[{"start":{"line":91,"column":4},"end":{"line":107,"column":5}}]},"6":{"loc":{"start":{"line":93,"column":8},"end":{"line":93,"column":73}},"type":"binary-expr","locations":[{"start":{"line":93,"column":8},"end":{"line":93,"column":17}},{"start":{"line":93,"column":21},"end":{"line":93,"column":73}}]},"7":{"loc":{"start":{"line":94,"column":37},"end":{"line":96,"column":58}},"type":"cond-expr","locations":[{"start":{"line":95,"column":10},"end":{"line":95,"column":45}},{"start":{"line":96,"column":10},"end":{"line":96,"column":58}}]},"8":{"loc":{"start":{"line":98,"column":6},"end":{"line":100,"column":7}},"type":"if","locations":[{"start":{"line":98,"column":6},"end":{"line":100,"column":7}}]},"9":{"loc":{"start":{"line":122,"column":4},"end":{"line":128,"column":5}},"type":"if","locations":[{"start":{"line":122,"column":4},"end":{"line":128,"column":5}}]},"10":{"loc":{"start":{"line":153,"column":62},"end":{"line":153,"column":81}},"type":"binary-expr","locations":[{"start":{"line":153,"column":62},"end":{"line":153,"column":74}},{"start":{"line":153,"column":78},"end":{"line":153,"column":81}}]},"11":{"loc":{"start":{"line":170,"column":46},"end":{"line":170,"column":63}},"type":"binary-expr","locations":[{"start":{"line":170,"column":46},"end":{"line":170,"column":57}},{"start":{"line":170,"column":61},"end":{"line":170,"column":63}}]},"12":{"loc":{"start":{"line":203,"column":4},"end":{"line":209,"column":5}},"type":"if","locations":[{"start":{"line":203,"column":4},"end":{"line":209,"column":5}}]},"13":{"loc":{"start":{"line":223,"column":4},"end":{"line":229,"column":5}},"type":"if","locations":[{"start":{"line":223,"column":4},"end":{"line":229,"column":5}}]},"14":{"loc":{"start":{"line":235,"column":4},"end":{"line":247,"column":5}},"type":"if","locations":[{"start":{"line":235,"column":4},"end":{"line":247,"column":5}}]},"15":{"loc":{"start":{"line":249,"column":4},"end":{"line":265,"column":5}},"type":"if","locations":[{"start":{"line":249,"column":4},"end":{"line":265,"column":5}}]},"16":{"loc":{"start":{"line":250,"column":6},"end":{"line":252,"column":33}},"type":"binary-expr","locations":[{"start":{"line":250,"column":6},"end":{"line":250,"column":17}},{"start":{"line":251,"column":6},"end":{"line":251,"column":17}},{"start":{"line":252,"column":6},"end":{"line":252,"column":33}}]},"17":{"loc":{"start":{"line":270,"column":4},"end":{"line":276,"column":5}},"type":"if","locations":[{"start":{"line":270,"column":4},"end":{"line":276,"column":5}}]},"18":{"loc":{"start":{"line":282,"column":4},"end":{"line":303,"column":5}},"type":"if","locations":[{"start":{"line":282,"column":4},"end":{"line":303,"column":5}}]},"19":{"loc":{"start":{"line":288,"column":50},"end":{"line":288,"column":82}},"type":"binary-expr","locations":[{"start":{"line":288,"column":50},"end":{"line":288,"column":61}},{"start":{"line":288,"column":65},"end":{"line":288,"column":76}},{"start":{"line":288,"column":80},"end":{"line":288,"column":82}}]},"20":{"loc":{"start":{"line":330,"column":4},"end":{"line":336,"column":5}},"type":"if","locations":[{"start":{"line":330,"column":4},"end":{"line":336,"column":5}}]},"21":{"loc":{"start":{"line":330,"column":8},"end":{"line":330,"column":56}},"type":"binary-expr","locations":[{"start":{"line":330,"column":8},"end":{"line":330,"column":33}},{"start":{"line":330,"column":37},"end":{"line":330,"column":56}}]},"22":{"loc":{"start":{"line":341,"column":4},"end":{"line":348,"column":5}},"type":"if","locations":[{"start":{"line":341,"column":4},"end":{"line":348,"column":5}}]},"23":{"loc":{"start":{"line":341,"column":8},"end":{"line":341,"column":48}},"type":"binary-expr","locations":[{"start":{"line":341,"column":8},"end":{"line":341,"column":14}},{"start":{"line":341,"column":18},"end":{"line":341,"column":48}}]},"24":{"loc":{"start":{"line":352,"column":4},"end":{"line":358,"column":5}},"type":"if","locations":[{"start":{"line":352,"column":4},"end":{"line":358,"column":5}}]},"25":{"loc":{"start":{"line":406,"column":4},"end":{"line":412,"column":5}},"type":"if","locations":[{"start":{"line":406,"column":4},"end":{"line":412,"column":5}}]},"26":{"loc":{"start":{"line":416,"column":4},"end":{"line":425,"column":5}},"type":"if","locations":[{"start":{"line":416,"column":4},"end":{"line":425,"column":5}}]},"27":{"loc":{"start":{"line":417,"column":6},"end":{"line":418,"column":64}},"type":"binary-expr","locations":[{"start":{"line":417,"column":6},"end":{"line":417,"column":18}},{"start":{"line":418,"column":6},"end":{"line":418,"column":64}}]}},"s":{"0":3,"1":3,"2":3,"3":3,"4":3,"5":3,"6":3,"7":3,"8":3,"9":3,"10":3,"11":3,"12":3,"13":19,"14":3,"15":3,"16":3,"17":32,"18":32,"19":32,"20":32,"21":1,"22":17,"23":17,"24":4,"25":4,"26":3,"27":3,"28":2,"29":15,"30":14,"31":14,"32":14,"33":14,"34":1,"35":13,"36":13,"37":12,"38":12,"39":12,"40":12,"41":1,"42":12,"43":12,"44":1,"45":1,"46":1,"47":1,"48":4,"49":4,"50":4,"51":2,"52":2,"53":2,"54":1,"55":2,"56":2,"57":2,"58":2,"59":2,"60":2,"61":4,"62":11,"63":2,"64":9,"65":9,"66":1,"67":8,"68":1,"69":7,"70":7,"71":2,"72":2,"73":2,"74":5,"75":1,"76":1,"77":1,"78":4,"79":4,"80":2,"81":2,"82":2,"83":2,"84":1,"85":1,"86":1,"87":1,"88":1,"89":2,"90":1,"91":1,"92":1,"93":5,"94":0,"95":5,"96":5,"97":5,"98":5,"99":1,"100":1,"101":4,"102":4,"103":4,"104":2,"105":2,"106":2,"107":2,"108":2,"109":2,"110":2,"111":2,"112":2,"113":2,"114":1,"115":1,"116":1,"117":5,"118":5,"119":2,"120":3,"121":3,"122":2,"123":1,"124":1,"125":3,"126":3},"f":{"0":19,"1":32,"2":1,"3":17,"4":14,"5":4,"6":1,"7":2,"8":2,"9":4,"10":11,"11":1,"12":1,"13":1,"14":5,"15":2,"16":1,"17":1,"18":5},"b":{"0":[4],"1":[3],"2":[2],"3":[1],"4":[14,10],"5":[12],"6":[12,9],"7":[9,3],"8":[1],"9":[2],"10":[1,0],"11":[2,2],"12":[2],"13":[1],"14":[2],"15":[1],"16":[5,1,1],"17":[2],"18":[1],"19":[1,1,1],"20":[0],"21":[5,5],"22":[1],"23":[5,1],"24":[2],"25":[2],"26":[2],"27":[3,3]}}
,"/Users/stanislauryzhkou/Programming/WUT/DiplomaThesis/Backend/AuthMicroservice/src/strategies/adminGuard.ts": {"path":"/Users/stanislauryzhkou/Programming/WUT/DiplomaThesis/Backend/AuthMicroservice/src/strategies/adminGuard.ts","statementMap":{"0":{"start":{"line":2,"column":0},"end":{"line":2,"column":45}},"1":{"start":{"line":3,"column":0},"end":{"line":3,"column":75}},"2":{"start":{"line":4,"column":0},"end":{"line":4,"column":41}},"3":{"start":{"line":7,"column":7},"end":{"line":21,"column":null}},"4":{"start":{"line":9,"column":4},"end":{"line":9,"column":12}},"5":{"start":{"line":8,"column":22},"end":{"line":8,"column":33}},"6":{"start":{"line":13,"column":18},"end":{"line":13,"column":77}},"7":{"start":{"line":14,"column":4},"end":{"line":16,"column":5}},"8":{"start":{"line":15,"column":6},"end":{"line":15,"column":18}},"9":{"start":{"line":17,"column":20},"end":{"line":17,"column":55}},"10":{"start":{"line":18,"column":17},"end":{"line":18,"column":29}},"11":{"start":{"line":19,"column":4},"end":{"line":19,"column":37}},"12":{"start":{"line":7,"column":13},"end":{"line":7,"column":23}},"13":{"start":{"line":7,"column":13},"end":{"line":21,"column":null}}},"fnMap":{"0":{"name":"(anonymous_2)","decl":{"start":{"line":8,"column":2},"end":{"line":8,"column":22}},"loc":{"start":{"line":8,"column":42},"end":{"line":10,"column":3}}},"1":{"name":"(anonymous_3)","decl":{"start":{"line":12,"column":2},"end":{"line":12,"column":13}},"loc":{"start":{"line":12,"column":39},"end":{"line":20,"column":3}}}},"branchMap":{"0":{"loc":{"start":{"line":14,"column":4},"end":{"line":16,"column":5}},"type":"if","locations":[{"start":{"line":14,"column":4},"end":{"line":16,"column":5}}]}},"s":{"0":1,"1":1,"2":1,"3":1,"4":3,"5":3,"6":3,"7":3,"8":1,"9":2,"10":2,"11":2,"12":1,"13":1},"f":{"0":3,"1":3},"b":{"0":[1]}}
,"/Users/stanislauryzhkou/Programming/WUT/DiplomaThesis/Backend/AuthMicroservice/src/strategies/jwtStrategy.ts": {"path":"/Users/stanislauryzhkou/Programming/WUT/DiplomaThesis/Backend/AuthMicroservice/src/strategies/jwtStrategy.ts","statementMap":{"0":{"start":{"line":1,"column":0},"end":{"line":1,"column":52}},"1":{"start":{"line":3,"column":0},"end":{"line":3,"column":47}},"2":{"start":{"line":4,"column":0},"end":{"line":4,"column":44}},"3":{"start":{"line":5,"column":0},"end":{"line":5,"column":52}},"4":{"start":{"line":22,"column":7},"end":{"line":35,"column":null}},"5":{"start":{"line":24,"column":4},"end":{"line":29,"column":7}},"6":{"start":{"line":23,"column":22},"end":{"line":23,"column":30}},"7":{"start":{"line":33,"column":4},"end":{"line":33,"column":73}},"8":{"start":{"line":22,"column":13},"end":{"line":22,"column":24}},"9":{"start":{"line":22,"column":13},"end":{"line":35,"column":null}}},"fnMap":{"0":{"name":"(anonymous_2)","decl":{"start":{"line":23,"column":2},"end":{"line":23,"column":22}},"loc":{"start":{"line":23,"column":43},"end":{"line":30,"column":3}}},"1":{"name":"(anonymous_3)","decl":{"start":{"line":32,"column":2},"end":{"line":32,"column":7}},"loc":{"start":{"line":32,"column":36},"end":{"line":34,"column":3}}}},"branchMap":{},"s":{"0":1,"1":1,"2":1,"3":1,"4":1,"5":2,"6":2,"7":1,"8":1,"9":1},"f":{"0":2,"1":1},"b":{}}
,"/Users/stanislauryzhkou/Programming/WUT/DiplomaThesis/Backend/AuthMicroservice/src/strategies/localStrategy.ts": {"path":"/Users/stanislauryzhkou/Programming/WUT/DiplomaThesis/Backend/AuthMicroservice/src/strategies/localStrategy.ts","statementMap":{"0":{"start":{"line":1,"column":0},"end":{"line":1,"column":42}},"1":{"start":{"line":2,"column":0},"end":{"line":2,"column":52}},"2":{"start":{"line":3,"column":0},"end":{"line":3,"column":56}},"3":{"start":{"line":4,"column":0},"end":{"line":4,"column":54}},"4":{"start":{"line":5,"column":0},"end":{"line":5,"column":78}},"5":{"start":{"line":8,"column":7},"end":{"line":24,"column":null}},"6":{"start":{"line":10,"column":4},"end":{"line":10,"column":38}},"7":{"start":{"line":9,"column":22},"end":{"line":9,"column":35}},"8":{"start":{"line":14,"column":17},"end":{"line":14,"column":69}},"9":{"start":{"line":15,"column":4},"end":{"line":21,"column":5}},"10":{"start":{"line":16,"column":6},"end":{"line":20,"column":8}},"11":{"start":{"line":22,"column":4},"end":{"line":22,"column":16}},"12":{"start":{"line":8,"column":13},"end":{"line":8,"column":26}},"13":{"start":{"line":8,"column":13},"end":{"line":24,"column":null}}},"fnMap":{"0":{"name":"(anonymous_2)","decl":{"start":{"line":9,"column":2},"end":{"line":9,"column":22}},"loc":{"start":{"line":9,"column":46},"end":{"line":11,"column":3}}},"1":{"name":"(anonymous_3)","decl":{"start":{"line":13,"column":2},"end":{"line":13,"column":7}},"loc":{"start":{"line":13,"column":48},"end":{"line":23,"column":3}}}},"branchMap":{"0":{"loc":{"start":{"line":15,"column":4},"end":{"line":21,"column":5}},"type":"if","locations":[{"start":{"line":15,"column":4},"end":{"line":21,"column":5}}]}},"s":{"0":1,"1":1,"2":1,"3":1,"4":1,"5":1,"6":2,"7":2,"8":2,"9":2,"10":1,"11":1,"12":1,"13":1},"f":{"0":2,"1":2},"b":{"0":[1]}}
,"/Users/stanislauryzhkou/Programming/WUT/DiplomaThesis/Backend/AuthMicroservice/src/utils/errorCodes.ts": {"path":"/Users/stanislauryzhkou/Programming/WUT/DiplomaThesis/Backend/AuthMicroservice/src/utils/errorCodes.ts","statementMap":{"0":{"start":{"line":48,"column":0},"end":{"line":48,"column":16}},"1":{"start":{"line":1,"column":0},"end":{"line":1,"column":null}},"2":{"start":{"line":11,"column":13},"end":{"line":11,"column":67}},"3":{"start":{"line":12,"column":13},"end":{"line":12,"column":51}},"4":{"start":{"line":13,"column":13},"end":{"line":13,"column":73}},"5":{"start":{"line":14,"column":13},"end":{"line":14,"column":57}},"6":{"start":{"line":15,"column":13},"end":{"line":15,"column":71}},"7":{"start":{"line":16,"column":13},"end":{"line":16,"column":71}},"8":{"start":{"line":17,"column":13},"end":{"line":17,"column":57}},"9":{"start":{"line":18,"column":13},"end":{"line":18,"column":69}},"10":{"start":{"line":19,"column":13},"end":{"line":19,"column":55}},"11":{"start":{"line":20,"column":13},"end":{"line":20,"column":55}},"12":{"start":{"line":21,"column":13},"end":{"line":21,"column":69}},"13":{"start":{"line":22,"column":13},"end":{"line":22,"column":57}},"14":{"start":{"line":23,"column":13},"end":{"line":23,"column":53}},"15":{"start":{"line":30,"column":15},"end":{"line":30,"column":32}},"16":{"start":{"line":31,"column":2},"end":{"line":45,"column":3}},"17":{"start":{"line":33,"column":6},"end":{"line":33,"column":45}},"18":{"start":{"line":35,"column":6},"end":{"line":35,"column":41}},"19":{"start":{"line":37,"column":6},"end":{"line":37,"column":41}},"20":{"start":{"line":39,"column":6},"end":{"line":39,"column":52}},"21":{"start":{"line":41,"column":6},"end":{"line":41,"column":67}},"22":{"start":{"line":44,"column":6},"end":{"line":44,"column":43}},"23":{"start":{"line":53,"column":2},"end":{"line":53,"column":44}}},"fnMap":{"0":{"name":"exceptionFor","decl":{"start":{"line":25,"column":9},"end":{"line":25,"column":21}},"loc":{"start":{"line":28,"column":17},"end":{"line":46,"column":1}}},"1":{"name":"throwWithCode","decl":{"start":{"line":48,"column":16},"end":{"line":48,"column":29}},"loc":{"start":{"line":51,"column":17},"end":{"line":54,"column":1}}}},"branchMap":{"0":{"loc":{"start":{"line":31,"column":2},"end":{"line":45,"column":3}},"type":"switch","locations":[{"start":{"line":32,"column":4},"end":{"line":33,"column":45}},{"start":{"line":34,"column":4},"end":{"line":35,"column":41}},{"start":{"line":36,"column":4},"end":{"line":37,"column":41}},{"start":{"line":38,"column":4},"end":{"line":39,"column":52}},{"start":{"line":40,"column":4},"end":{"line":41,"column":67}},{"start":{"line":42,"column":4},"end":{"line":42,"column":32}},{"start":{"line":43,"column":4},"end":{"line":44,"column":43}}]}},"s":{"0":5,"1":5,"2":5,"3":5,"4":5,"5":5,"6":5,"7":5,"8":5,"9":5,"10":5,"11":5,"12":5,"13":5,"14":5,"15":32,"16":32,"17":15,"18":4,"19":2,"20":0,"21":2,"22":9,"23":32},"f":{"0":32,"1":32},"b":{"0":[15,4,2,0,2,9,9]}}
}
