{"/Users/stanislauryzhkou/Programming/WUT/DiplomaThesis/Backend/AuthMicroservice/src/appModule.ts": {"path":"/Users/stanislauryzhkou/Programming/WUT/DiplomaThesis/Backend/AuthMicroservice/src/appModule.ts","statementMap":{"0":{"start":{"line":1,"column":0},"end":{"line":1,"column":87}},"1":{"start":{"line":2,"column":0},"end":{"line":2,"column":46}},"2":{"start":{"line":3,"column":0},"end":{"line":3,"column":40}},"3":{"start":{"line":4,"column":0},"end":{"line":4,"column":51}},"4":{"start":{"line":5,"column":0},"end":{"line":5,"column":50}},"5":{"start":{"line":6,"column":0},"end":{"line":6,"column":74}},"6":{"start":{"line":7,"column":0},"end":{"line":7,"column":52}},"7":{"start":{"line":26,"column":7},"end":{"line":34,"column":null}},"8":{"start":{"line":28,"column":4},"end":{"line":32,"column":6}},"9":{"start":{"line":26,"column":13},"end":{"line":26,"column":22}},"10":{"start":{"line":26,"column":13},"end":{"line":34,"column":null}}},"fnMap":{"0":{"name":"(anonymous_1)","decl":{"start":{"line":27,"column":2},"end":{"line":27,"column":11}},"loc":{"start":{"line":27,"column":40},"end":{"line":33,"column":3}}}},"branchMap":{},"s":{"0":0,"1":0,"2":0,"3":0,"4":0,"5":0,"6":0,"7":0,"8":0,"9":0,"10":0},"f":{"0":0},"b":{}}
,"/Users/stanislauryzhkou/Programming/WUT/DiplomaThesis/Backend/AuthMicroservice/src/main.ts": {"path":"/Users/stanislauryzhkou/Programming/WUT/DiplomaThesis/Backend/AuthMicroservice/src/main.ts","statementMap":{"0":{"start":{"line":1,"column":0},"end":{"line":1,"column":43}},"1":{"start":{"line":2,"column":0},"end":{"line":2,"column":40}},"2":{"start":{"line":3,"column":0},"end":{"line":3,"column":80}},"3":{"start":{"line":4,"column":0},"end":{"line":4,"column":47}},"4":{"start":{"line":5,"column":0},"end":{"line":5,"column":48}},"5":{"start":{"line":6,"column":0},"end":{"line":6,"column":71}},"6":{"start":{"line":9,"column":14},"end":{"line":9,"column":49}},"7":{"start":{"line":10,"column":2},"end":{"line":10,"column":54}},"8":{"start":{"line":11,"column":2},"end":{"line":11,"column":43}},"9":{"start":{"line":12,"column":2},"end":{"line":12,"column":29}},"10":{"start":{"line":13,"column":2},"end":{"line":17,"column":5}},"11":{"start":{"line":18,"column":24},"end":{"line":18,"column":46}},"12":{"start":{"line":20,"column":2},"end":{"line":29,"column":5}},"13":{"start":{"line":30,"column":2},"end":{"line":30,"column":null}},"14":{"start":{"line":31,"column":2},"end":{"line":31,"column":36}},"15":{"start":{"line":32,"column":15},"end":{"line":32,"column":40}},"16":{"start":{"line":33,"column":2},"end":{"line":33,"column":25}},"17":{"start":{"line":34,"column":2},"end":{"line":34,"column":61}},"18":{"start":{"line":37,"column":0},"end":{"line":37,"column":12}}},"fnMap":{"0":{"name":"bootstrap","decl":{"start":{"line":8,"column":15},"end":{"line":8,"column":24}},"loc":{"start":{"line":8,"column":24},"end":{"line":36,"column":1}}}},"branchMap":{},"s":{"0":0,"1":0,"2":0,"3":0,"4":0,"5":0,"6":0,"7":0,"8":0,"9":0,"10":0,"11":0,"12":0,"13":0,"14":0,"15":0,"16":0,"17":0,"18":0},"f":{"0":0},"b":{}}
,"/Users/stanislauryzhkou/Programming/WUT/DiplomaThesis/Backend/AuthMicroservice/src/config/configuration.ts": {"path":"/Users/stanislauryzhkou/Programming/WUT/DiplomaThesis/Backend/AuthMicroservice/src/config/configuration.ts","statementMap":{"0":{"start":{"line":1,"column":0},"end":{"line":15,"column":3}},"1":{"start":{"line":1,"column":22},"end":{"line":15,"column":2}}},"fnMap":{"0":{"name":"(anonymous_0)","decl":{"start":{"line":1,"column":15},"end":{"line":1,"column":18}},"loc":{"start":{"line":1,"column":22},"end":{"line":15,"column":2}}}},"branchMap":{"0":{"loc":{"start":{"line":2,"column":8},"end":{"line":2,"column":32}},"type":"binary-expr","locations":[{"start":{"line":2,"column":8},"end":{"line":2,"column":24}},{"start":{"line":2,"column":28},"end":{"line":2,"column":32}}]},"1":{"loc":{"start":{"line":4,"column":12},"end":{"line":4,"column":48}},"type":"binary-expr","locations":[{"start":{"line":4,"column":12},"end":{"line":4,"column":34}},{"start":{"line":4,"column":38},"end":{"line":4,"column":48}}]},"2":{"loc":{"start":{"line":5,"column":15},"end":{"line":5,"column":49}},"type":"binary-expr","locations":[{"start":{"line":5,"column":15},"end":{"line":5,"column":41}},{"start":{"line":5,"column":45},"end":{"line":5,"column":49}}]},"3":{"loc":{"start":{"line":8,"column":12},"end":{"line":8,"column":63}},"type":"binary-expr","locations":[{"start":{"line":8,"column":12},"end":{"line":8,"column":44}},{"start":{"line":8,"column":48},"end":{"line":8,"column":63}}]},"4":{"loc":{"start":{"line":9,"column":15},"end":{"line":9,"column":59}},"type":"binary-expr","locations":[{"start":{"line":9,"column":15},"end":{"line":9,"column":51}},{"start":{"line":9,"column":55},"end":{"line":9,"column":59}}]},"5":{"loc":{"start":{"line":12,"column":9},"end":{"line":12,"column":60}},"type":"binary-expr","locations":[{"start":{"line":12,"column":9},"end":{"line":12,"column":33}},{"start":{"line":12,"column":37},"end":{"line":12,"column":60}}]},"6":{"loc":{"start":{"line":13,"column":11},"end":{"line":13,"column":52}},"type":"binary-expr","locations":[{"start":{"line":13,"column":11},"end":{"line":13,"column":37}},{"start":{"line":13,"column":41},"end":{"line":13,"column":52}}]}},"s":{"0":1,"1":13},"f":{"0":13},"b":{"0":[13,0],"1":[13,0],"2":[13,13],"3":[13,0],"4":[13,13],"5":[13,0],"6":[13,0]}}
,"/Users/stanislauryzhkou/Programming/WUT/DiplomaThesis/Backend/AuthMicroservice/src/controllers/authController.ts": {"path":"/Users/stanislauryzhkou/Programming/WUT/DiplomaThesis/Backend/AuthMicroservice/src/controllers/authController.ts","statementMap":{"0":{"start":{"line":1,"column":0},"end":{"line":1,"column":null}},"1":{"start":{"line":10,"column":0},"end":{"line":10,"column":54}},"2":{"start":{"line":11,"column":0},"end":{"line":11,"column":54}},"3":{"start":{"line":12,"column":0},"end":{"line":12,"column":45}},"4":{"start":{"line":14,"column":0},"end":{"line":14,"column":50}},"5":{"start":{"line":15,"column":0},"end":{"line":15,"column":50}},"6":{"start":{"line":16,"column":0},"end":{"line":16,"column":43}},"7":{"start":{"line":19,"column":7},"end":{"line":106,"column":null}},"8":{"start":{"line":20,"column":22},"end":{"line":20,"column":35}},"9":{"start":{"line":24,"column":21},"end":{"line":24,"column":59}},"10":{"start":{"line":25,"column":4},"end":{"line":28,"column":6}},"11":{"start":{"line":33,"column":21},"end":{"line":33,"column":70}},"12":{"start":{"line":34,"column":4},"end":{"line":37,"column":6}},"13":{"start":{"line":43,"column":4},"end":{"line":43,"column":60}},"14":{"start":{"line":44,"column":4},"end":{"line":47,"column":6}},"15":{"start":{"line":52,"column":21},"end":{"line":52,"column":58}},"16":{"start":{"line":53,"column":4},"end":{"line":56,"column":6}},"17":{"start":{"line":61,"column":4},"end":{"line":61,"column":48}},"18":{"start":{"line":62,"column":4},"end":{"line":65,"column":6}},"19":{"start":{"line":71,"column":4},"end":{"line":78,"column":6}},"20":{"start":{"line":85,"column":21},"end":{"line":85,"column":57}},"21":{"start":{"line":86,"column":4},"end":{"line":89,"column":6}},"22":{"start":{"line":98,"column":4},"end":{"line":103,"column":6}},"23":{"start":{"line":104,"column":4},"end":{"line":104,"column":71}},"24":{"start":{"line":19,"column":13},"end":{"line":19,"column":27}},"25":{"start":{"line":23,"column":8},"end":{"line":29,"column":null}},"26":{"start":{"line":32,"column":8},"end":{"line":38,"column":null}},"27":{"start":{"line":42,"column":8},"end":{"line":48,"column":null}},"28":{"start":{"line":51,"column":8},"end":{"line":57,"column":null}},"29":{"start":{"line":60,"column":8},"end":{"line":66,"column":null}},"30":{"start":{"line":70,"column":8},"end":{"line":79,"column":null}},"31":{"start":{"line":84,"column":8},"end":{"line":90,"column":null}},"32":{"start":{"line":94,"column":8},"end":{"line":105,"column":null}},"33":{"start":{"line":19,"column":13},"end":{"line":106,"column":null}}},"fnMap":{"0":{"name":"(anonymous_4)","decl":{"start":{"line":20,"column":2},"end":{"line":20,"column":22}},"loc":{"start":{"line":20,"column":46},"end":{"line":20,"column":50}}},"1":{"name":"(anonymous_5)","decl":{"start":{"line":23,"column":2},"end":{"line":23,"column":7}},"loc":{"start":{"line":23,"column":40},"end":{"line":29,"column":3}}},"2":{"name":"(anonymous_6)","decl":{"start":{"line":32,"column":2},"end":{"line":32,"column":7}},"loc":{"start":{"line":32,"column":63},"end":{"line":38,"column":3}}},"3":{"name":"(anonymous_7)","decl":{"start":{"line":42,"column":2},"end":{"line":42,"column":7}},"loc":{"start":{"line":42,"column":57},"end":{"line":48,"column":3}}},"4":{"name":"(anonymous_8)","decl":{"start":{"line":51,"column":2},"end":{"line":51,"column":7}},"loc":{"start":{"line":51,"column":38},"end":{"line":57,"column":3}}},"5":{"name":"(anonymous_9)","decl":{"start":{"line":60,"column":2},"end":{"line":60,"column":7}},"loc":{"start":{"line":60,"column":50},"end":{"line":66,"column":3}}},"6":{"name":"(anonymous_10)","decl":{"start":{"line":70,"column":2},"end":{"line":70,"column":7}},"loc":{"start":{"line":70,"column":58},"end":{"line":79,"column":3}}},"7":{"name":"(anonymous_11)","decl":{"start":{"line":84,"column":2},"end":{"line":84,"column":7}},"loc":{"start":{"line":84,"column":19},"end":{"line":90,"column":3}}},"8":{"name":"(anonymous_12)","decl":{"start":{"line":94,"column":2},"end":{"line":94,"column":7}},"loc":{"start":{"line":96,"column":66},"end":{"line":105,"column":3}}}},"branchMap":{},"s":{"0":0,"1":0,"2":0,"3":0,"4":0,"5":0,"6":0,"7":0,"8":0,"9":0,"10":0,"11":0,"12":0,"13":0,"14":0,"15":0,"16":0,"17":0,"18":0,"19":0,"20":0,"21":0,"22":0,"23":0,"24":0,"25":0,"26":0,"27":0,"28":0,"29":0,"30":0,"31":0,"32":0,"33":0},"f":{"0":0,"1":0,"2":0,"3":0,"4":0,"5":0,"6":0,"7":0,"8":0},"b":{}}
,"/Users/stanislauryzhkou/Programming/WUT/DiplomaThesis/Backend/AuthMicroservice/src/dtos/loginDto.ts": {"path":"/Users/stanislauryzhkou/Programming/WUT/DiplomaThesis/Backend/AuthMicroservice/src/dtos/loginDto.ts","statementMap":{"0":{"start":{"line":1,"column":0},"end":{"line":1,"column":52}},"1":{"start":{"line":3,"column":0},"end":{"line":3,"column":13}},"2":{"start":{"line":5,"column":2},"end":{"line":5,"column":null}},"3":{"start":{"line":7,"column":2},"end":{"line":7,"column":null}}},"fnMap":{},"branchMap":{},"s":{"0":0,"1":0,"2":0,"3":0},"f":{},"b":{}}
,"/Users/stanislauryzhkou/Programming/WUT/DiplomaThesis/Backend/AuthMicroservice/src/dtos/userDto.ts": {"path":"/Users/stanislauryzhkou/Programming/WUT/DiplomaThesis/Backend/AuthMicroservice/src/dtos/userDto.ts","statementMap":{"0":{"start":{"line":1,"column":0},"end":{"line":1,"column":52}},"1":{"start":{"line":3,"column":0},"end":{"line":3,"column":13}},"2":{"start":{"line":5,"column":2},"end":{"line":5,"column":null}},"3":{"start":{"line":7,"column":2},"end":{"line":7,"column":null}},"4":{"start":{"line":9,"column":2},"end":{"line":9,"column":null}},"5":{"start":{"line":11,"column":2},"end":{"line":11,"column":null}}},"fnMap":{},"branchMap":{},"s":{"0":0,"1":0,"2":0,"3":0,"4":0,"5":0},"f":{},"b":{}}
,"/Users/stanislauryzhkou/Programming/WUT/DiplomaThesis/Backend/AuthMicroservice/src/guards/jwtAuthGuard.ts": {"path":"/Users/stanislauryzhkou/Programming/WUT/DiplomaThesis/Backend/AuthMicroservice/src/guards/jwtAuthGuard.ts","statementMap":{"0":{"start":{"line":1,"column":0},"end":{"line":1,"column":62}},"1":{"start":{"line":2,"column":0},"end":{"line":2,"column":45}},"2":{"start":{"line":3,"column":0},"end":{"line":3,"column":55}},"3":{"start":{"line":6,"column":7},"end":{"line":17,"column":null}},"4":{"start":{"line":8,"column":4},"end":{"line":8,"column":38}},"5":{"start":{"line":12,"column":4},"end":{"line":14,"column":5}},"6":{"start":{"line":13,"column":6},"end":{"line":13,"column":47}},"7":{"start":{"line":15,"column":4},"end":{"line":15,"column":16}},"8":{"start":{"line":6,"column":13},"end":{"line":6,"column":25}},"9":{"start":{"line":6,"column":13},"end":{"line":17,"column":null}}},"fnMap":{"0":{"name":"(anonymous_1)","decl":{"start":{"line":7,"column":2},"end":{"line":7,"column":13}},"loc":{"start":{"line":7,"column":39},"end":{"line":9,"column":3}}},"1":{"name":"(anonymous_2)","decl":{"start":{"line":11,"column":2},"end":{"line":11,"column":15}},"loc":{"start":{"line":11,"column":31},"end":{"line":16,"column":3}}}},"branchMap":{"0":{"loc":{"start":{"line":12,"column":4},"end":{"line":14,"column":5}},"type":"if","locations":[{"start":{"line":12,"column":4},"end":{"line":14,"column":5}}]},"1":{"loc":{"start":{"line":12,"column":8},"end":{"line":12,"column":20}},"type":"binary-expr","locations":[{"start":{"line":12,"column":8},"end":{"line":12,"column":11}},{"start":{"line":12,"column":15},"end":{"line":12,"column":20}}]},"2":{"loc":{"start":{"line":13,"column":12},"end":{"line":13,"column":46}},"type":"binary-expr","locations":[{"start":{"line":13,"column":12},"end":{"line":13,"column":15}},{"start":{"line":13,"column":19},"end":{"line":13,"column":46}}]}},"s":{"0":1,"1":1,"2":1,"3":1,"4":0,"5":6,"6":5,"7":1,"8":1,"9":1},"f":{"0":0,"1":6},"b":{"0":[5],"1":[6,4],"2":[5,3]}}
,"/Users/stanislauryzhkou/Programming/WUT/DiplomaThesis/Backend/AuthMicroservice/src/guards/localAuthGuard.ts": {"path":"/Users/stanislauryzhkou/Programming/WUT/DiplomaThesis/Backend/AuthMicroservice/src/guards/localAuthGuard.ts","statementMap":{"0":{"start":{"line":1,"column":0},"end":{"line":1,"column":44}},"1":{"start":{"line":2,"column":0},"end":{"line":2,"column":45}},"2":{"start":{"line":5,"column":7},"end":{"line":5,"column":null}},"3":{"start":{"line":5,"column":13},"end":{"line":5,"column":27}},"4":{"start":{"line":5,"column":13},"end":{"line":5,"column":null}}},"fnMap":{},"branchMap":{},"s":{"0":0,"1":0,"2":0,"3":0,"4":0},"f":{},"b":{}}
,"/Users/stanislauryzhkou/Programming/WUT/DiplomaThesis/Backend/AuthMicroservice/src/guards/roles.decorator.ts": {"path":"/Users/stanislauryzhkou/Programming/WUT/DiplomaThesis/Backend/AuthMicroservice/src/guards/roles.decorator.ts","statementMap":{"0":{"start":{"line":1,"column":0},"end":{"line":1,"column":45}},"1":{"start":{"line":3,"column":21},"end":{"line":3,"column":72}},"2":{"start":{"line":3,"column":45},"end":{"line":3,"column":72}},"3":{"start":{"line":3,"column":13},"end":{"line":3,"column":21}}},"fnMap":{"0":{"name":"(anonymous_0)","decl":{"start":{"line":3,"column":21},"end":{"line":3,"column":22}},"loc":{"start":{"line":3,"column":45},"end":{"line":3,"column":72}}}},"branchMap":{},"s":{"0":0,"1":0,"2":0,"3":0},"f":{"0":0},"b":{}}
,"/Users/stanislauryzhkou/Programming/WUT/DiplomaThesis/Backend/AuthMicroservice/src/guards/rolesGuard.ts": {"path":"/Users/stanislauryzhkou/Programming/WUT/DiplomaThesis/Backend/AuthMicroservice/src/guards/rolesGuard.ts","statementMap":{"0":{"start":{"line":1,"column":0},"end":{"line":1,"column":75}},"1":{"start":{"line":2,"column":0},"end":{"line":2,"column":41}},"2":{"start":{"line":6,"column":7},"end":{"line":36,"column":null}},"3":{"start":{"line":7,"column":22},"end":{"line":7,"column":33}},"4":{"start":{"line":10,"column":18},"end":{"line":12,"column":36}},"5":{"start":{"line":14,"column":4},"end":{"line":16,"column":5}},"6":{"start":{"line":15,"column":6},"end":{"line":15,"column":18}},"7":{"start":{"line":18,"column":20},"end":{"line":18,"column":55}},"8":{"start":{"line":19,"column":17},"end":{"line":19,"column":29}},"9":{"start":{"line":21,"column":4},"end":{"line":23,"column":5}},"10":{"start":{"line":22,"column":6},"end":{"line":22,"column":19}},"11":{"start":{"line":25,"column":20},"end":{"line":25,"column":60}},"12":{"start":{"line":25,"column":41},"end":{"line":25,"column":59}},"13":{"start":{"line":26,"column":4},"end":{"line":28,"column":5}},"14":{"start":{"line":27,"column":6},"end":{"line":27,"column":18}},"15":{"start":{"line":30,"column":4},"end":{"line":32,"column":5}},"16":{"start":{"line":31,"column":6},"end":{"line":31,"column":18}},"17":{"start":{"line":34,"column":4},"end":{"line":34,"column":17}},"18":{"start":{"line":6,"column":13},"end":{"line":6,"column":23}},"19":{"start":{"line":6,"column":13},"end":{"line":36,"column":null}}},"fnMap":{"0":{"name":"(anonymous_2)","decl":{"start":{"line":7,"column":2},"end":{"line":7,"column":22}},"loc":{"start":{"line":7,"column":42},"end":{"line":7,"column":46}}},"1":{"name":"(anonymous_3)","decl":{"start":{"line":9,"column":2},"end":{"line":9,"column":13}},"loc":{"start":{"line":9,"column":39},"end":{"line":35,"column":3}}},"2":{"name":"(anonymous_4)","decl":{"start":{"line":25,"column":31},"end":{"line":25,"column":32}},"loc":{"start":{"line":25,"column":41},"end":{"line":25,"column":59}}}},"branchMap":{"0":{"loc":{"start":{"line":14,"column":4},"end":{"line":16,"column":5}},"type":"if","locations":[{"start":{"line":14,"column":4},"end":{"line":16,"column":5}}]},"1":{"loc":{"start":{"line":14,"column":8},"end":{"line":14,"column":39}},"type":"binary-expr","locations":[{"start":{"line":14,"column":8},"end":{"line":14,"column":14}},{"start":{"line":14,"column":18},"end":{"line":14,"column":39}}]},"2":{"loc":{"start":{"line":21,"column":4},"end":{"line":23,"column":5}},"type":"if","locations":[{"start":{"line":21,"column":4},"end":{"line":23,"column":5}}]},"3":{"loc":{"start":{"line":26,"column":4},"end":{"line":28,"column":5}},"type":"if","locations":[{"start":{"line":26,"column":4},"end":{"line":28,"column":5}}]},"4":{"loc":{"start":{"line":30,"column":4},"end":{"line":32,"column":5}},"type":"if","locations":[{"start":{"line":30,"column":4},"end":{"line":32,"column":5}}]}},"s":{"0":1,"1":1,"2":1,"3":14,"4":14,"5":14,"6":3,"7":11,"8":11,"9":11,"10":2,"11":9,"12":10,"13":9,"14":4,"15":5,"16":2,"17":3,"18":1,"19":1},"f":{"0":14,"1":14,"2":10},"b":{"0":[3],"1":[14,13],"2":[2],"3":[4],"4":[2]}}
,"/Users/stanislauryzhkou/Programming/WUT/DiplomaThesis/Backend/AuthMicroservice/src/middlewares/errorHandlingMiddleware.ts": {"path":"/Users/stanislauryzhkou/Programming/WUT/DiplomaThesis/Backend/AuthMicroservice/src/middlewares/errorHandlingMiddleware.ts","statementMap":{"0":{"start":{"line":1,"column":0},"end":{"line":1,"column":null}},"1":{"start":{"line":11,"column":0},"end":{"line":11,"column":68}},"2":{"start":{"line":14,"column":7},"end":{"line":61,"column":null}},"3":{"start":{"line":36,"column":2},"end":{"line":60,"column":4}},"4":{"start":{"line":37,"column":16},"end":{"line":37,"column":35}},"5":{"start":{"line":38,"column":21},"end":{"line":38,"column":48}},"6":{"start":{"line":39,"column":19},"end":{"line":39,"column":40}},"7":{"start":{"line":41,"column":28},"end":{"line":47,"column":6}},"8":{"start":{"line":49,"column":4},"end":{"line":57,"column":5}},"9":{"start":{"line":50,"column":31},"end":{"line":50,"column":54}},"10":{"start":{"line":51,"column":6},"end":{"line":56,"column":7}},"11":{"start":{"line":52,"column":8},"end":{"line":55,"column":10}},"12":{"start":{"line":59,"column":4},"end":{"line":59,"column":47}},"13":{"start":{"line":16,"column":4},"end":{"line":19,"column":5}},"14":{"start":{"line":17,"column":6},"end":{"line":17,"column":77}},"15":{"start":{"line":18,"column":6},"end":{"line":18,"column":13}},"16":{"start":{"line":21,"column":4},"end":{"line":24,"column":5}},"17":{"start":{"line":22,"column":6},"end":{"line":22,"column":73}},"18":{"start":{"line":23,"column":6},"end":{"line":23,"column":13}},"19":{"start":{"line":26,"column":4},"end":{"line":33,"column":5}},"20":{"start":{"line":27,"column":6},"end":{"line":27,"column":40}},"21":{"start":{"line":29,"column":6},"end":{"line":32,"column":8}},"22":{"start":{"line":14,"column":13},"end":{"line":14,"column":36}},"23":{"start":{"line":14,"column":13},"end":{"line":61,"column":null}}},"fnMap":{"0":{"name":"(anonymous_1)","decl":{"start":{"line":14,"column":7},"end":{"line":14,"column":13}},"loc":{"start":{"line":14,"column":7},"end":{"line":61,"column":1}}},"1":{"name":"(anonymous_2)","decl":{"start":{"line":36,"column":16},"end":{"line":36,"column":17}},"loc":{"start":{"line":36,"column":66},"end":{"line":60,"column":3}}},"2":{"name":"(anonymous_3)","decl":{"start":{"line":15,"column":2},"end":{"line":15,"column":7}},"loc":{"start":{"line":15,"column":45},"end":{"line":34,"column":3}}}},"branchMap":{"0":{"loc":{"start":{"line":49,"column":4},"end":{"line":57,"column":5}},"type":"if","locations":[{"start":{"line":49,"column":4},"end":{"line":57,"column":5}}]},"1":{"loc":{"start":{"line":51,"column":6},"end":{"line":56,"column":7}},"type":"if","locations":[{"start":{"line":51,"column":6},"end":{"line":56,"column":7}}]},"2":{"loc":{"start":{"line":54,"column":18},"end":{"line":54,"column":65}},"type":"binary-expr","locations":[{"start":{"line":54,"column":18},"end":{"line":54,"column":45}},{"start":{"line":54,"column":49},"end":{"line":54,"column":65}}]},"3":{"loc":{"start":{"line":16,"column":4},"end":{"line":19,"column":5}},"type":"if","locations":[{"start":{"line":16,"column":4},"end":{"line":19,"column":5}}]},"4":{"loc":{"start":{"line":21,"column":4},"end":{"line":24,"column":5}},"type":"if","locations":[{"start":{"line":21,"column":4},"end":{"line":24,"column":5}}]},"5":{"loc":{"start":{"line":26,"column":4},"end":{"line":33,"column":5}},"type":"if","locations":[{"start":{"line":26,"column":4},"end":{"line":33,"column":5}},{"start":{"line":28,"column":11},"end":{"line":33,"column":5}}]}},"s":{"0":0,"1":0,"2":0,"3":0,"4":0,"5":0,"6":0,"7":0,"8":0,"9":0,"10":0,"11":0,"12":0,"13":0,"14":0,"15":0,"16":0,"17":0,"18":0,"19":0,"20":0,"21":0,"22":0,"23":0},"f":{"0":0,"1":0,"2":0},"b":{"0":[0],"1":[0],"2":[0,0],"3":[0],"4":[0],"5":[0,0]}}
,"/Users/stanislauryzhkou/Programming/WUT/DiplomaThesis/Backend/AuthMicroservice/src/middlewares/jwtPayloadMiddleware.ts": {"path":"/Users/stanislauryzhkou/Programming/WUT/DiplomaThesis/Backend/AuthMicroservice/src/middlewares/jwtPayloadMiddleware.ts","statementMap":{"0":{"start":{"line":1,"column":0},"end":{"line":1,"column":83}},"1":{"start":{"line":3,"column":0},"end":{"line":3,"column":41}},"2":{"start":{"line":4,"column":0},"end":{"line":4,"column":45}},"3":{"start":{"line":7,"column":7},"end":{"line":28,"column":null}},"4":{"start":{"line":8,"column":31},"end":{"line":8,"column":43}},"5":{"start":{"line":11,"column":23},"end":{"line":11,"column":48}},"6":{"start":{"line":12,"column":4},"end":{"line":25,"column":5}},"7":{"start":{"line":13,"column":20},"end":{"line":13,"column":44}},"8":{"start":{"line":14,"column":6},"end":{"line":24,"column":7}},"9":{"start":{"line":15,"column":24},"end":{"line":15,"column":86}},"10":{"start":{"line":16,"column":8},"end":{"line":20,"column":null}},"11":{"start":{"line":22,"column":8},"end":{"line":22,"column":65}},"12":{"start":{"line":23,"column":8},"end":{"line":23,"column":64}},"13":{"start":{"line":26,"column":4},"end":{"line":26,"column":11}},"14":{"start":{"line":7,"column":13},"end":{"line":7,"column":33}},"15":{"start":{"line":7,"column":13},"end":{"line":28,"column":null}}},"fnMap":{"0":{"name":"(anonymous_2)","decl":{"start":{"line":8,"column":2},"end":{"line":8,"column":31}},"loc":{"start":{"line":8,"column":53},"end":{"line":8,"column":57}}},"1":{"name":"(anonymous_3)","decl":{"start":{"line":10,"column":2},"end":{"line":10,"column":5}},"loc":{"start":{"line":10,"column":53},"end":{"line":27,"column":3}}}},"branchMap":{"0":{"loc":{"start":{"line":12,"column":4},"end":{"line":25,"column":5}},"type":"if","locations":[{"start":{"line":12,"column":4},"end":{"line":25,"column":5}}]},"1":{"loc":{"start":{"line":12,"column":8},"end":{"line":12,"column":54}},"type":"binary-expr","locations":[{"start":{"line":12,"column":8},"end":{"line":12,"column":18}},{"start":{"line":12,"column":22},"end":{"line":12,"column":54}}]}},"s":{"0":0,"1":0,"2":0,"3":0,"4":0,"5":0,"6":0,"7":0,"8":0,"9":0,"10":0,"11":0,"12":0,"13":0,"14":0,"15":0},"f":{"0":0,"1":0},"b":{"0":[0],"1":[0,0]}}
,"/Users/stanislauryzhkou/Programming/WUT/DiplomaThesis/Backend/AuthMicroservice/src/modules/authModule.ts": {"path":"/Users/stanislauryzhkou/Programming/WUT/DiplomaThesis/Backend/AuthMicroservice/src/modules/authModule.ts","statementMap":{"0":{"start":{"line":1,"column":0},"end":{"line":1,"column":40}},"1":{"start":{"line":2,"column":0},"end":{"line":2,"column":54}},"2":{"start":{"line":3,"column":0},"end":{"line":3,"column":63}},"3":{"start":{"line":4,"column":0},"end":{"line":4,"column":50}},"4":{"start":{"line":5,"column":0},"end":{"line":5,"column":40}},"5":{"start":{"line":6,"column":0},"end":{"line":6,"column":59}},"6":{"start":{"line":7,"column":0},"end":{"line":7,"column":60}},"7":{"start":{"line":8,"column":0},"end":{"line":8,"column":56}},"8":{"start":{"line":9,"column":0},"end":{"line":9,"column":44}},"9":{"start":{"line":10,"column":0},"end":{"line":10,"column":45}},"10":{"start":{"line":11,"column":0},"end":{"line":11,"column":41}},"11":{"start":{"line":26,"column":7},"end":{"line":26,"column":null}},"12":{"start":{"line":26,"column":13},"end":{"line":26,"column":23}},"13":{"start":{"line":26,"column":13},"end":{"line":26,"column":null}}},"fnMap":{},"branchMap":{},"s":{"0":0,"1":0,"2":0,"3":0,"4":0,"5":0,"6":0,"7":0,"8":0,"9":0,"10":0,"11":0,"12":0,"13":0},"f":{},"b":{}}
,"/Users/stanislauryzhkou/Programming/WUT/DiplomaThesis/Backend/AuthMicroservice/src/modules/eventModule.ts": {"path":"/Users/stanislauryzhkou/Programming/WUT/DiplomaThesis/Backend/AuthMicroservice/src/modules/eventModule.ts","statementMap":{"0":{"start":{"line":1,"column":0},"end":{"line":1,"column":40}},"1":{"start":{"line":2,"column":0},"end":{"line":2,"column":65}},"2":{"start":{"line":3,"column":0},"end":{"line":3,"column":61}},"3":{"start":{"line":27,"column":7},"end":{"line":27,"column":null}},"4":{"start":{"line":27,"column":13},"end":{"line":27,"column":24}},"5":{"start":{"line":27,"column":13},"end":{"line":27,"column":null}},"6":{"start":{"line":11,"column":61},"end":{"line":20,"column":10}}},"fnMap":{"0":{"name":"(anonymous_1)","decl":{"start":{"line":11,"column":20},"end":{"line":11,"column":25}},"loc":{"start":{"line":11,"column":61},"end":{"line":20,"column":10}}}},"branchMap":{},"s":{"0":0,"1":0,"2":0,"3":0,"4":0,"5":0,"6":0},"f":{"0":0},"b":{}}
,"/Users/stanislauryzhkou/Programming/WUT/DiplomaThesis/Backend/AuthMicroservice/src/services/authService.ts": {"path":"/Users/stanislauryzhkou/Programming/WUT/DiplomaThesis/Backend/AuthMicroservice/src/services/authService.ts","statementMap":{"0":{"start":{"line":1,"column":0},"end":{"line":1,"column":41}},"1":{"start":{"line":2,"column":0},"end":{"line":2,"column":59}},"2":{"start":{"line":3,"column":0},"end":{"line":3,"column":33}},"3":{"start":{"line":5,"column":0},"end":{"line":5,"column":45}},"4":{"start":{"line":7,"column":0},"end":{"line":7,"column":36}},"5":{"start":{"line":8,"column":0},"end":{"line":8,"column":null}},"6":{"start":{"line":16,"column":0},"end":{"line":16,"column":40}},"7":{"start":{"line":17,"column":0},"end":{"line":17,"column":52}},"8":{"start":{"line":20,"column":7},"end":{"line":252,"column":null}},"9":{"start":{"line":22,"column":21},"end":{"line":22,"column":33}},"10":{"start":{"line":23,"column":21},"end":{"line":23,"column":29}},"11":{"start":{"line":24,"column":46},"end":{"line":24,"column":60}},"12":{"start":{"line":28,"column":4},"end":{"line":28,"column":38}},"13":{"start":{"line":32,"column":17},"end":{"line":32,"column":72}},"14":{"start":{"line":33,"column":4},"end":{"line":46,"column":5}},"15":{"start":{"line":34,"column":26},"end":{"line":36,"column":8}},"16":{"start":{"line":37,"column":6},"end":{"line":45,"column":7}},"17":{"start":{"line":38,"column":30},"end":{"line":40,"column":null}},"18":{"start":{"line":42,"column":8},"end":{"line":44,"column":9}},"19":{"start":{"line":43,"column":10},"end":{"line":43,"column":22}},"20":{"start":{"line":47,"column":4},"end":{"line":47,"column":16}},"21":{"start":{"line":51,"column":17},"end":{"line":51,"column":75}},"22":{"start":{"line":52,"column":4},"end":{"line":54,"column":5}},"23":{"start":{"line":53,"column":6},"end":{"line":53,"column":61}},"24":{"start":{"line":55,"column":24},"end":{"line":55,"column":54}},"25":{"start":{"line":56,"column":25},"end":{"line":56,"column":60}},"26":{"start":{"line":57,"column":4},"end":{"line":60,"column":6}},"27":{"start":{"line":64,"column":27},"end":{"line":64,"column":66}},"28":{"start":{"line":65,"column":24},"end":{"line":67,"column":6}},"29":{"start":{"line":68,"column":4},"end":{"line":70,"column":5}},"30":{"start":{"line":69,"column":6},"end":{"line":69,"column":75}},"31":{"start":{"line":71,"column":17},"end":{"line":81,"column":6}},"32":{"start":{"line":82,"column":4},"end":{"line":89,"column":7}},"33":{"start":{"line":91,"column":4},"end":{"line":91,"column":16}},"34":{"start":{"line":95,"column":18},"end":{"line":100,"column":null}},"35":{"start":{"line":103,"column":4},"end":{"line":109,"column":7}},"36":{"start":{"line":111,"column":4},"end":{"line":111,"column":17}},"37":{"start":{"line":115,"column":4},"end":{"line":125,"column":6}},"38":{"start":{"line":129,"column":4},"end":{"line":131,"column":5}},"39":{"start":{"line":130,"column":6},"end":{"line":130,"column":65}},"40":{"start":{"line":132,"column":31},"end":{"line":134,"column":6}},"41":{"start":{"line":136,"column":4},"end":{"line":138,"column":5}},"42":{"start":{"line":137,"column":6},"end":{"line":137,"column":61}},"43":{"start":{"line":140,"column":20},"end":{"line":142,"column":6}},"44":{"start":{"line":143,"column":4},"end":{"line":145,"column":5}},"45":{"start":{"line":144,"column":6},"end":{"line":144,"column":61}},"46":{"start":{"line":147,"column":17},"end":{"line":149,"column":6}},"47":{"start":{"line":150,"column":4},"end":{"line":152,"column":5}},"48":{"start":{"line":151,"column":6},"end":{"line":151,"column":40}},"49":{"start":{"line":154,"column":24},"end":{"line":154,"column":54}},"50":{"start":{"line":156,"column":31},"end":{"line":156,"column":74}},"51":{"start":{"line":157,"column":28},"end":{"line":159,"column":17}},"52":{"start":{"line":161,"column":4},"end":{"line":164,"column":6}},"53":{"start":{"line":168,"column":4},"end":{"line":168,"column":64}},"54":{"start":{"line":172,"column":4},"end":{"line":175,"column":7}},"55":{"start":{"line":177,"column":4},"end":{"line":180,"column":7}},"56":{"start":{"line":184,"column":17},"end":{"line":184,"column":72}},"57":{"start":{"line":185,"column":4},"end":{"line":187,"column":5}},"58":{"start":{"line":186,"column":6},"end":{"line":186,"column":40}},"59":{"start":{"line":188,"column":24},"end":{"line":188,"column":32}},"60":{"start":{"line":189,"column":27},"end":{"line":189,"column":61}},"61":{"start":{"line":190,"column":4},"end":{"line":193,"column":7}},"62":{"start":{"line":195,"column":4},"end":{"line":199,"column":7}},"63":{"start":{"line":201,"column":4},"end":{"line":201,"column":23}},"64":{"start":{"line":205,"column":20},"end":{"line":207,"column":6}},"65":{"start":{"line":208,"column":4},"end":{"line":208,"column":43}},"66":{"start":{"line":212,"column":4},"end":{"line":212,"column":66}},"67":{"start":{"line":214,"column":4},"end":{"line":216,"column":7}},"68":{"start":{"line":220,"column":4},"end":{"line":220,"column":45}},"69":{"start":{"line":228,"column":17},"end":{"line":228,"column":77}},"70":{"start":{"line":229,"column":4},"end":{"line":231,"column":5}},"71":{"start":{"line":230,"column":6},"end":{"line":230,"column":52}},"72":{"start":{"line":232,"column":4},"end":{"line":236,"column":5}},"73":{"start":{"line":233,"column":6},"end":{"line":235,"column":8}},"74":{"start":{"line":237,"column":24},"end":{"line":239,"column":6}},"75":{"start":{"line":240,"column":4},"end":{"line":245,"column":5}},"76":{"start":{"line":244,"column":6},"end":{"line":244,"column":60}},"77":{"start":{"line":246,"column":30},"end":{"line":246,"column":64}},"78":{"start":{"line":247,"column":4},"end":{"line":250,"column":7}},"79":{"start":{"line":20,"column":13},"end":{"line":20,"column":24}},"80":{"start":{"line":20,"column":13},"end":{"line":252,"column":null}}},"fnMap":{"0":{"name":"(anonymous_4)","decl":{"start":{"line":21,"column":2},"end":{"line":21,"column":null}},"loc":{"start":{"line":24,"column":71},"end":{"line":25,"column":6}}},"1":{"name":"(anonymous_5)","decl":{"start":{"line":27,"column":2},"end":{"line":27,"column":7}},"loc":{"start":{"line":27,"column":20},"end":{"line":29,"column":3}}},"2":{"name":"(anonymous_6)","decl":{"start":{"line":31,"column":2},"end":{"line":31,"column":7}},"loc":{"start":{"line":31,"column":52},"end":{"line":48,"column":3}}},"3":{"name":"(anonymous_7)","decl":{"start":{"line":50,"column":2},"end":{"line":50,"column":7}},"loc":{"start":{"line":50,"column":32},"end":{"line":61,"column":3}}},"4":{"name":"(anonymous_8)","decl":{"start":{"line":63,"column":2},"end":{"line":63,"column":7}},"loc":{"start":{"line":63,"column":33},"end":{"line":92,"column":3}}},"5":{"name":"(anonymous_9)","decl":{"start":{"line":94,"column":2},"end":{"line":94,"column":7}},"loc":{"start":{"line":94,"column":37},"end":{"line":112,"column":3}}},"6":{"name":"(anonymous_10)","decl":{"start":{"line":114,"column":2},"end":{"line":114,"column":21}},"loc":{"start":{"line":114,"column":32},"end":{"line":126,"column":3}}},"7":{"name":"(anonymous_11)","decl":{"start":{"line":128,"column":2},"end":{"line":128,"column":7}},"loc":{"start":{"line":128,"column":41},"end":{"line":165,"column":3}}},"8":{"name":"(anonymous_12)","decl":{"start":{"line":167,"column":2},"end":{"line":167,"column":7}},"loc":{"start":{"line":167,"column":40},"end":{"line":169,"column":3}}},"9":{"name":"(anonymous_13)","decl":{"start":{"line":171,"column":2},"end":{"line":171,"column":7}},"loc":{"start":{"line":171,"column":59},"end":{"line":181,"column":3}}},"10":{"name":"(anonymous_14)","decl":{"start":{"line":183,"column":2},"end":{"line":183,"column":7}},"loc":{"start":{"line":183,"column":35},"end":{"line":202,"column":3}}},"11":{"name":"(anonymous_15)","decl":{"start":{"line":204,"column":10},"end":{"line":204,"column":15}},"loc":{"start":{"line":204,"column":55},"end":{"line":209,"column":3}}},"12":{"name":"(anonymous_16)","decl":{"start":{"line":211,"column":2},"end":{"line":211,"column":7}},"loc":{"start":{"line":211,"column":43},"end":{"line":217,"column":3}}},"13":{"name":"(anonymous_17)","decl":{"start":{"line":219,"column":2},"end":{"line":219,"column":7}},"loc":{"start":{"line":219,"column":19},"end":{"line":221,"column":3}}},"14":{"name":"(anonymous_18)","decl":{"start":{"line":223,"column":2},"end":{"line":223,"column":7}},"loc":{"start":{"line":226,"column":23},"end":{"line":251,"column":3}}}},"branchMap":{"0":{"loc":{"start":{"line":33,"column":4},"end":{"line":46,"column":5}},"type":"if","locations":[{"start":{"line":33,"column":4},"end":{"line":46,"column":5}}]},"1":{"loc":{"start":{"line":37,"column":6},"end":{"line":45,"column":7}},"type":"if","locations":[{"start":{"line":37,"column":6},"end":{"line":45,"column":7}}]},"2":{"loc":{"start":{"line":42,"column":8},"end":{"line":44,"column":9}},"type":"if","locations":[{"start":{"line":42,"column":8},"end":{"line":44,"column":9}}]},"3":{"loc":{"start":{"line":52,"column":4},"end":{"line":54,"column":5}},"type":"if","locations":[{"start":{"line":52,"column":4},"end":{"line":54,"column":5}}]},"4":{"loc":{"start":{"line":68,"column":4},"end":{"line":70,"column":5}},"type":"if","locations":[{"start":{"line":68,"column":4},"end":{"line":70,"column":5}}]},"5":{"loc":{"start":{"line":129,"column":4},"end":{"line":131,"column":5}},"type":"if","locations":[{"start":{"line":129,"column":4},"end":{"line":131,"column":5}}]},"6":{"loc":{"start":{"line":136,"column":4},"end":{"line":138,"column":5}},"type":"if","locations":[{"start":{"line":136,"column":4},"end":{"line":138,"column":5}}]},"7":{"loc":{"start":{"line":143,"column":4},"end":{"line":145,"column":5}},"type":"if","locations":[{"start":{"line":143,"column":4},"end":{"line":145,"column":5}}]},"8":{"loc":{"start":{"line":150,"column":4},"end":{"line":152,"column":5}},"type":"if","locations":[{"start":{"line":150,"column":4},"end":{"line":152,"column":5}}]},"9":{"loc":{"start":{"line":157,"column":28},"end":{"line":159,"column":17}},"type":"cond-expr","locations":[{"start":{"line":158,"column":8},"end":{"line":158,"column":43}},{"start":{"line":159,"column":8},"end":{"line":159,"column":17}}]},"10":{"loc":{"start":{"line":185,"column":4},"end":{"line":187,"column":5}},"type":"if","locations":[{"start":{"line":185,"column":4},"end":{"line":187,"column":5}}]},"11":{"loc":{"start":{"line":229,"column":4},"end":{"line":231,"column":5}},"type":"if","locations":[{"start":{"line":229,"column":4},"end":{"line":231,"column":5}}]},"12":{"loc":{"start":{"line":232,"column":4},"end":{"line":236,"column":5}},"type":"if","locations":[{"start":{"line":232,"column":4},"end":{"line":236,"column":5}}]},"13":{"loc":{"start":{"line":232,"column":8},"end":{"line":232,"column":51}},"type":"binary-expr","locations":[{"start":{"line":232,"column":8},"end":{"line":232,"column":26}},{"start":{"line":232,"column":30},"end":{"line":232,"column":51}}]},"14":{"loc":{"start":{"line":240,"column":4},"end":{"line":245,"column":5}},"type":"if","locations":[{"start":{"line":240,"column":4},"end":{"line":245,"column":5}}]},"15":{"loc":{"start":{"line":241,"column":6},"end":{"line":242,"column":64}},"type":"binary-expr","locations":[{"start":{"line":241,"column":6},"end":{"line":241,"column":18}},{"start":{"line":242,"column":6},"end":{"line":242,"column":64}}]}},"s":{"0":1,"1":1,"2":1,"3":1,"4":1,"5":1,"6":1,"7":1,"8":1,"9":24,"10":24,"11":24,"12":1,"13":7,"14":7,"15":4,"16":4,"17":3,"18":3,"19":2,"20":5,"21":3,"22":3,"23":2,"24":1,"25":1,"26":1,"27":3,"28":3,"29":3,"30":2,"31":1,"32":1,"33":1,"34":2,"35":2,"36":2,"37":3,"38":6,"39":2,"40":4,"41":4,"42":2,"43":2,"44":2,"45":0,"46":2,"47":2,"48":1,"49":1,"50":1,"51":1,"52":1,"53":1,"54":1,"55":1,"56":2,"57":2,"58":1,"59":1,"60":1,"61":1,"62":1,"63":1,"64":1,"65":1,"66":1,"67":1,"68":1,"69":5,"70":5,"71":2,"72":3,"73":0,"74":3,"75":3,"76":2,"77":1,"78":1,"79":1,"80":1},"f":{"0":24,"1":1,"2":7,"3":3,"4":3,"5":2,"6":3,"7":6,"8":1,"9":1,"10":2,"11":1,"12":1,"13":1,"14":5},"b":{"0":[4],"1":[3],"2":[2],"3":[2],"4":[2],"5":[2],"6":[2],"7":[0],"8":[1],"9":[0,1],"10":[1],"11":[2],"12":[0],"13":[3,3],"14":[2],"15":[3,3]}}
,"/Users/stanislauryzhkou/Programming/WUT/DiplomaThesis/Backend/AuthMicroservice/src/strategies/adminGuard.ts": {"path":"/Users/stanislauryzhkou/Programming/WUT/DiplomaThesis/Backend/AuthMicroservice/src/strategies/adminGuard.ts","statementMap":{"0":{"start":{"line":2,"column":0},"end":{"line":2,"column":45}},"1":{"start":{"line":3,"column":0},"end":{"line":3,"column":75}},"2":{"start":{"line":4,"column":0},"end":{"line":4,"column":41}},"3":{"start":{"line":7,"column":7},"end":{"line":21,"column":null}},"4":{"start":{"line":9,"column":4},"end":{"line":9,"column":12}},"5":{"start":{"line":8,"column":22},"end":{"line":8,"column":33}},"6":{"start":{"line":13,"column":18},"end":{"line":13,"column":77}},"7":{"start":{"line":14,"column":4},"end":{"line":16,"column":5}},"8":{"start":{"line":15,"column":6},"end":{"line":15,"column":18}},"9":{"start":{"line":17,"column":20},"end":{"line":17,"column":55}},"10":{"start":{"line":18,"column":17},"end":{"line":18,"column":29}},"11":{"start":{"line":19,"column":4},"end":{"line":19,"column":37}},"12":{"start":{"line":7,"column":13},"end":{"line":7,"column":23}},"13":{"start":{"line":7,"column":13},"end":{"line":21,"column":null}}},"fnMap":{"0":{"name":"(anonymous_2)","decl":{"start":{"line":8,"column":2},"end":{"line":8,"column":22}},"loc":{"start":{"line":8,"column":42},"end":{"line":10,"column":3}}},"1":{"name":"(anonymous_3)","decl":{"start":{"line":12,"column":2},"end":{"line":12,"column":13}},"loc":{"start":{"line":12,"column":39},"end":{"line":20,"column":3}}}},"branchMap":{"0":{"loc":{"start":{"line":14,"column":4},"end":{"line":16,"column":5}},"type":"if","locations":[{"start":{"line":14,"column":4},"end":{"line":16,"column":5}}]}},"s":{"0":0,"1":0,"2":0,"3":0,"4":0,"5":0,"6":0,"7":0,"8":0,"9":0,"10":0,"11":0,"12":0,"13":0},"f":{"0":0,"1":0},"b":{"0":[0]}}
,"/Users/stanislauryzhkou/Programming/WUT/DiplomaThesis/Backend/AuthMicroservice/src/strategies/jwtStrategy.ts": {"path":"/Users/stanislauryzhkou/Programming/WUT/DiplomaThesis/Backend/AuthMicroservice/src/strategies/jwtStrategy.ts","statementMap":{"0":{"start":{"line":1,"column":0},"end":{"line":1,"column":52}},"1":{"start":{"line":2,"column":0},"end":{"line":2,"column":52}},"2":{"start":{"line":3,"column":0},"end":{"line":3,"column":44}},"3":{"start":{"line":4,"column":0},"end":{"line":4,"column":47}},"4":{"start":{"line":7,"column":7},"end":{"line":20,"column":null}},"5":{"start":{"line":9,"column":4},"end":{"line":14,"column":7}},"6":{"start":{"line":8,"column":22},"end":{"line":8,"column":30}},"7":{"start":{"line":18,"column":4},"end":{"line":18,"column":73}},"8":{"start":{"line":7,"column":13},"end":{"line":7,"column":24}},"9":{"start":{"line":7,"column":13},"end":{"line":20,"column":null}}},"fnMap":{"0":{"name":"(anonymous_2)","decl":{"start":{"line":8,"column":2},"end":{"line":8,"column":22}},"loc":{"start":{"line":8,"column":43},"end":{"line":15,"column":3}}},"1":{"name":"(anonymous_3)","decl":{"start":{"line":17,"column":2},"end":{"line":17,"column":7}},"loc":{"start":{"line":17,"column":29},"end":{"line":19,"column":3}}}},"branchMap":{},"s":{"0":0,"1":0,"2":0,"3":0,"4":0,"5":0,"6":0,"7":0,"8":0,"9":0},"f":{"0":0,"1":0},"b":{}}
,"/Users/stanislauryzhkou/Programming/WUT/DiplomaThesis/Backend/AuthMicroservice/src/strategies/localStrategy.ts": {"path":"/Users/stanislauryzhkou/Programming/WUT/DiplomaThesis/Backend/AuthMicroservice/src/strategies/localStrategy.ts","statementMap":{"0":{"start":{"line":1,"column":0},"end":{"line":1,"column":42}},"1":{"start":{"line":2,"column":0},"end":{"line":2,"column":52}},"2":{"start":{"line":3,"column":0},"end":{"line":3,"column":43}},"3":{"start":{"line":4,"column":0},"end":{"line":4,"column":54}},"4":{"start":{"line":5,"column":0},"end":{"line":5,"column":55}},"5":{"start":{"line":8,"column":7},"end":{"line":20,"column":null}},"6":{"start":{"line":10,"column":4},"end":{"line":10,"column":38}},"7":{"start":{"line":9,"column":22},"end":{"line":9,"column":35}},"8":{"start":{"line":14,"column":17},"end":{"line":14,"column":69}},"9":{"start":{"line":15,"column":4},"end":{"line":17,"column":5}},"10":{"start":{"line":16,"column":6},"end":{"line":16,"column":61}},"11":{"start":{"line":18,"column":4},"end":{"line":18,"column":16}},"12":{"start":{"line":8,"column":13},"end":{"line":8,"column":26}},"13":{"start":{"line":8,"column":13},"end":{"line":20,"column":null}}},"fnMap":{"0":{"name":"(anonymous_2)","decl":{"start":{"line":9,"column":2},"end":{"line":9,"column":22}},"loc":{"start":{"line":9,"column":46},"end":{"line":11,"column":3}}},"1":{"name":"(anonymous_3)","decl":{"start":{"line":13,"column":2},"end":{"line":13,"column":7}},"loc":{"start":{"line":13,"column":48},"end":{"line":19,"column":3}}}},"branchMap":{"0":{"loc":{"start":{"line":15,"column":4},"end":{"line":17,"column":5}},"type":"if","locations":[{"start":{"line":15,"column":4},"end":{"line":17,"column":5}}]}},"s":{"0":0,"1":0,"2":0,"3":0,"4":0,"5":0,"6":0,"7":0,"8":0,"9":0,"10":0,"11":0,"12":0,"13":0},"f":{"0":0,"1":0},"b":{"0":[0]}}
,"/Users/stanislauryzhkou/Programming/WUT/DiplomaThesis/Backend/AuthMicroservice/src/types/requests.ts/refreshRequest.ts": {"path":"/Users/stanislauryzhkou/Programming/WUT/DiplomaThesis/Backend/AuthMicroservice/src/types/requests.ts/refreshRequest.ts","statementMap":{"0":{"start":{"line":1,"column":0},"end":{"line":1,"column":13}}},"fnMap":{},"branchMap":{},"s":{"0":0},"f":{},"b":{}}
}
