TN:
SF:src/config/configuration.ts
FN:1,(anonymous_0)
FNF:1
FNH:1
FNDA:30,(anonymous_0)
DA:1,30
LF:1
LH:1
BRDA:2,0,0,30
BRDA:2,0,1,5
BRDA:4,1,0,30
BRDA:4,1,1,5
BRDA:5,2,0,30
BRDA:5,2,1,30
BRDA:8,3,0,30
BRDA:8,3,1,5
BRDA:9,4,0,30
BRDA:9,4,1,30
BRDA:12,5,0,30
BRDA:12,5,1,5
BRDA:13,6,0,30
BRDA:13,6,1,5
BRF:14
BRH:14
end_of_record
TN:
SF:src/controllers/authController.ts
FN:27,refreshCookieOptions
FN:46,fingerprintFor
FN:55,(anonymous_6)
FN:58,(anonymous_7)
FN:78,(anonymous_8)
FN:101,(anonymous_9)
FN:122,(anonymous_10)
FN:134,(anonymous_11)
FN:144,(anonymous_12)
FN:158,(anonymous_13)
FN:167,(anonymous_14)
FN:182,(anonymous_15)
FN:192,(anonymous_16)
FNF:13
FNH:13
FNDA:2,refreshCookieOptions
FNDA:2,fingerprintFor
FNDA:14,(anonymous_6)
FNDA:1,(anonymous_7)
FNDA:1,(anonymous_8)
FNDA:1,(anonymous_9)
FNDA:1,(anonymous_10)
FNDA:1,(anonymous_11)
FNDA:1,(anonymous_12)
FNDA:1,(anonymous_13)
FNDA:1,(anonymous_14)
FNDA:3,(anonymous_15)
FNDA:2,(anonymous_16)
DA:1,1
DA:16,1
DA:17,1
DA:18,1
DA:20,1
DA:21,1
DA:22,1
DA:24,1
DA:25,1
DA:31,2
DA:32,2
DA:47,2
DA:48,2
DA:49,2
DA:50,2
DA:54,1
DA:55,14
DA:58,1
DA:63,1
DA:70,1
DA:71,1
DA:78,1
DA:85,1
DA:86,1
DA:90,1
DA:91,1
DA:93,1
DA:101,1
DA:106,1
DA:107,1
DA:108,1
DA:109,1
DA:114,1
DA:115,1
DA:122,1
DA:123,1
DA:124,1
DA:134,1
DA:135,1
DA:136,1
DA:144,1
DA:145,1
DA:158,1
DA:159,1
DA:160,1
DA:167,1
DA:171,1
DA:176,1
DA:182,1
DA:185,3
DA:186,2
DA:192,1
DA:193,2
DA:194,1
LF:54
LH:54
BRDA:47,0,0,2
BRDA:47,0,1,0
BRDA:48,1,0,2
BRDA:48,1,1,0
BRDA:49,2,0,2
BRDA:49,2,1,0
BRDA:49,3,0,0
BRDA:49,3,1,0
BRDA:85,4,0,1
BRDA:85,4,1,0
BRDA:90,5,0,1
BRDA:106,6,0,1
BRDA:106,6,1,0
BRDA:107,7,0,1
BRF:14
BRH:7
end_of_record
TN:
SF:src/controllers/healthController.ts
FN:11,(anonymous_2)
FNF:1
FNH:1
FNDA:1,(anonymous_2)
DA:1,1
DA:9,1
DA:11,1
DA:12,1
LF:4
LH:4
BRF:0
BRH:0
end_of_record
TN:
SF:src/dtos/loginDto.ts
FNF:0
FNH:0
DA:1,1
DA:3,1
DA:5,1
DA:7,1
LF:4
LH:4
BRF:0
BRH:0
end_of_record
TN:
SF:src/dtos/userDto.ts
FNF:0
FNH:0
DA:1,1
DA:3,1
DA:5,1
DA:10,1
DA:15,1
DA:20,1
LF:6
LH:6
BRF:0
BRH:0
end_of_record
TN:
SF:src/guards/jwtAuthGuard.ts
FN:7,(anonymous_1)
FN:11,(anonymous_2)
FNF:2
FNH:1
FNDA:0,(anonymous_1)
FNDA:6,(anonymous_2)
DA:1,2
DA:2,2
DA:3,2
DA:6,2
DA:8,0
DA:12,6
DA:13,5
DA:15,1
LF:8
LH:7
BRDA:12,0,0,5
BRDA:12,1,0,6
BRDA:12,1,1,4
BRDA:13,2,0,5
BRDA:13,2,1,3
BRF:5
BRH:5
end_of_record
TN:
SF:src/guards/localAuthGuard.ts
FNF:0
FNH:0
DA:1,1
DA:2,1
DA:5,1
LF:3
LH:3
BRF:0
BRH:0
end_of_record
TN:
SF:src/guards/roles.decorator.ts
FN:3,(anonymous_0)
FNF:1
FNH:1
FNDA:3,(anonymous_0)
DA:1,1
DA:3,3
LF:2
LH:2
BRF:0
BRH:0
end_of_record
TN:
SF:src/guards/rolesGuard.ts
FN:7,(anonymous_2)
FN:9,(anonymous_3)
FN:25,(anonymous_4)
FNF:3
FNH:3
FNDA:14,(anonymous_2)
FNDA:14,(anonymous_3)
FNDA:10,(anonymous_4)
DA:1,2
DA:2,2
DA:6,2
DA:7,14
DA:10,14
DA:14,14
DA:15,3
DA:18,11
DA:19,11
DA:21,11
DA:22,2
DA:25,10
DA:26,9
DA:27,4
DA:30,5
DA:31,2
DA:34,3
LF:17
LH:17
BRDA:14,0,0,3
BRDA:14,1,0,14
BRDA:14,1,1,13
BRDA:21,2,0,2
BRDA:26,3,0,4
BRDA:30,4,0,2
BRF:6
BRH:6
end_of_record
TN:
SF:src/middlewares/errorHandlingMiddleware.ts
FN:37,extractCodeAndMessage
FN:60,(anonymous_2)
FN:97,(anonymous_3)
FN:61,(anonymous_4)
FNF:4
FNH:4
FNDA:7,extractCodeAndMessage
FNDA:7,(anonymous_2)
FNDA:7,(anonymous_3)
FNDA:7,(anonymous_4)
DA:1,1
DA:10,1
DA:13,1
DA:40,7
DA:41,7
DA:42,6
DA:43,6
DA:44,6
DA:46,6
DA:47,5
DA:48,1
DA:50,1
DA:52,0
DA:54,6
DA:56,1
DA:60,1
DA:62,7
DA:63,1
DA:70,1
DA:73,6
DA:74,1
DA:81,1
DA:84,5
DA:85,4
DA:87,1
DA:97,7
DA:98,7
DA:99,7
DA:100,7
DA:102,7
DA:103,7
DA:112,7
DA:113,1
DA:114,1
DA:115,1
DA:118,1
DA:119,1
DA:120,1
DA:125,7
LF:39
LH:38
BRDA:41,0,0,6
BRDA:41,1,0,7
BRDA:41,1,1,6
BRDA:43,2,0,3
BRDA:43,2,1,3
BRDA:46,3,0,5
BRDA:46,3,1,1
BRDA:48,4,0,1
BRDA:48,4,1,0
BRDA:112,5,0,1
BRDA:114,6,0,1
BRDA:114,7,0,1
BRDA:114,7,1,1
BRDA:119,8,0,1
BRDA:62,9,0,1
BRDA:73,10,0,1
BRDA:84,11,0,4
BRDA:84,11,1,1
BRDA:90,12,0,1
BRDA:90,12,1,0
BRF:20
BRH:18
end_of_record
TN:
SF:src/middlewares/jwtPayloadMiddleware.ts
FN:9,(anonymous_2)
FN:11,(anonymous_3)
FNF:2
FNH:2
FNDA:7,(anonymous_2)
FNDA:7,(anonymous_3)
DA:1,1
DA:3,1
DA:4,1
DA:5,1
DA:8,1
DA:9,7
DA:12,7
DA:13,7
DA:14,5
DA:15,5
DA:16,2
DA:21,2
DA:22,0
DA:29,4
LF:14
LH:13
BRDA:13,0,0,5
BRDA:13,1,0,7
BRDA:13,1,1,6
BRDA:21,2,0,0
BRF:4
BRH:3
end_of_record
TN:
SF:src/services/authService.ts
FN:51,failedKey
FN:67,(anonymous_5)
FN:73,(anonymous_6)
FN:77,(anonymous_7)
FN:96,(anonymous_8)
FN:145,(anonymous_9)
FN:186,(anonymous_10)
FN:206,(anonymous_11)
FN:214,(anonymous_12)
FN:234,(anonymous_13)
FN:248,(anonymous_14)
FN:345,(anonymous_15)
FN:373,(anonymous_16)
FN:377,(anonymous_17)
FN:391,(anonymous_18)
FN:447,(anonymous_19)
FN:457,(anonymous_20)
FN:467,(anonymous_21)
FN:471,(anonymous_22)
FNF:19
FNH:19
FNDA:19,failedKey
FNDA:32,(anonymous_5)
FNDA:1,(anonymous_6)
FNDA:17,(anonymous_7)
FNDA:14,(anonymous_8)
FNDA:4,(anonymous_9)
FNDA:1,(anonymous_10)
FNDA:2,(anonymous_11)
FNDA:2,(anonymous_12)
FNDA:4,(anonymous_13)
FNDA:11,(anonymous_14)
FNDA:1,(anonymous_15)
FNDA:1,(anonymous_16)
FNDA:1,(anonymous_17)
FNDA:5,(anonymous_18)
FNDA:2,(anonymous_19)
FNDA:1,(anonymous_20)
FNDA:1,(anonymous_21)
FNDA:5,(anonymous_22)
DA:1,3
DA:2,3
DA:3,3
DA:5,3
DA:7,3
DA:8,3
DA:14,3
DA:15,3
DA:16,3
DA:17,3
DA:39,3
DA:40,3
DA:50,3
DA:52,19
DA:60,3
DA:61,3
DA:64,3
DA:65,32
DA:68,32
DA:69,32
DA:70,32
DA:74,1
DA:78,17
DA:79,17
DA:80,4
DA:83,4
DA:84,3
DA:88,3
DA:89,2
DA:93,15
DA:97,14
DA:98,14
DA:99,14
DA:100,14
DA:101,1
DA:108,13
DA:109,13
DA:121,12
DA:122,12
DA:125,12
DA:126,12
DA:127,1
DA:129,12
DA:130,12
DA:136,1
DA:137,1
DA:138,1
DA:139,1
DA:146,4
DA:147,4
DA:150,4
DA:151,2
DA:157,2
DA:176,2
DA:187,1
DA:192,2
DA:207,2
DA:208,2
DA:215,2
DA:223,2
DA:231,2
DA:235,4
DA:249,11
DA:250,2
DA:260,9
DA:261,9
DA:265,1
DA:271,8
DA:272,1
DA:279,7
DA:283,7
DA:290,2
DA:293,2
DA:296,2
DA:307,5
DA:312,1
DA:315,1
DA:318,1
DA:325,4
DA:328,4
DA:329,2
DA:336,2
DA:337,2
DA:340,2
DA:345,1
DA:346,1
DA:349,1
DA:356,1
DA:363,1
DA:367,2
DA:374,1
DA:378,1
DA:383,1
DA:396,5
DA:397,0
DA:403,5
DA:409,5
DA:410,5
DA:411,5
DA:412,1
DA:413,1
DA:419,4
DA:421,4
DA:422,4
DA:423,2
DA:429,2
DA:430,2
DA:431,2
DA:436,2
DA:444,2
DA:448,2
DA:452,2
DA:453,2
DA:454,2
DA:458,1
DA:460,1
DA:468,1
DA:476,5
DA:477,5
DA:478,2
DA:486,3
DA:489,3
DA:493,2
DA:499,1
DA:500,1
LF:125
LH:124
BRDA:79,0,0,4
BRDA:83,1,0,3
BRDA:88,2,0,2
BRDA:100,3,0,1
BRDA:100,4,0,14
BRDA:100,4,1,10
BRDA:109,5,0,12
BRDA:121,6,0,12
BRDA:121,6,1,9
BRDA:122,7,0,9
BRDA:122,7,1,3
BRDA:126,8,0,1
BRDA:150,9,0,2
BRDA:188,10,0,1
BRDA:188,10,1,0
BRDA:216,11,0,2
BRDA:216,11,1,2
BRDA:249,12,0,2
BRDA:271,13,0,1
BRDA:283,14,0,2
BRDA:307,15,0,1
BRDA:308,16,0,5
BRDA:308,16,1,1
BRDA:308,16,2,1
BRDA:328,17,0,2
BRDA:340,18,0,1
BRDA:350,19,0,1
BRDA:350,19,1,1
BRDA:350,19,2,1
BRDA:396,20,0,0
BRDA:396,21,0,5
BRDA:396,21,1,5
BRDA:411,22,0,1
BRDA:411,23,0,5
BRDA:411,23,1,1
BRDA:422,24,0,2
BRDA:477,25,0,2
BRDA:489,26,0,2
BRDA:490,27,0,3
BRDA:490,27,1,3
BRF:40
BRH:38
end_of_record
TN:
SF:src/strategies/adminGuard.ts
FN:8,(anonymous_2)
FN:12,(anonymous_3)
FNF:2
FNH:2
FNDA:3,(anonymous_2)
FNDA:3,(anonymous_3)
DA:2,1
DA:3,1
DA:4,1
DA:7,1
DA:8,3
DA:9,3
DA:13,3
DA:14,3
DA:15,1
DA:17,2
DA:18,2
DA:19,2
LF:12
LH:12
BRDA:14,0,0,1
BRF:1
BRH:1
end_of_record
TN:
SF:src/strategies/jwtStrategy.ts
FN:25,(anonymous_2)
FN:34,(anonymous_3)
FNF:2
FNH:2
FNDA:2,(anonymous_2)
FNDA:1,(anonymous_3)
DA:1,1
DA:3,1
DA:4,1
DA:5,1
DA:24,1
DA:25,2
DA:26,2
DA:35,1
LF:8
LH:8
BRF:0
BRH:0
end_of_record
TN:
SF:src/strategies/localStrategy.ts
FN:9,(anonymous_2)
FN:13,(anonymous_3)
FNF:2
FNH:2
FNDA:2,(anonymous_2)
FNDA:2,(anonymous_3)
DA:1,1
DA:2,1
DA:3,1
DA:4,1
DA:5,1
DA:8,1
DA:9,2
DA:10,2
DA:14,2
DA:15,2
DA:16,1
DA:22,1
LF:12
LH:12
BRDA:15,0,0,1
BRF:1
BRH:1
end_of_record
TN:
SF:src/types/requests.ts/refreshRequest.ts
FNF:0
FNH:0
DA:1,0
LF:1
LH:0
BRF:0
BRH:0
end_of_record
TN:
SF:src/utils/errorCodes.ts
FN:54,exceptionFor
FN:82,throwWithCode
FNF:2
FNH:2
FNDA:32,exceptionFor
FNDA:32,throwWithCode
DA:20,5
DA:31,5
DA:32,5
DA:33,5
DA:34,5
DA:35,5
DA:36,5
DA:37,5
DA:38,5
DA:39,5
DA:40,5
DA:41,5
DA:42,5
DA:43,5
DA:59,32
DA:60,32
DA:62,15
DA:64,4
DA:66,2
DA:68,0
DA:70,2
DA:73,9
DA:82,5
DA:87,32
LF:24
LH:23
BRDA:60,0,0,15
BRDA:60,0,1,4
BRDA:60,0,2,2
BRDA:60,0,3,0
BRDA:60,0,4,2
BRDA:60,0,5,9
BRDA:60,0,6,9
BRF:7
BRH:6
end_of_record
