TN:
SF:src/appModule.ts
FN:27,(anonymous_1)
FNF:1
FNH:0
FNDA:0,(anonymous_1)
DA:1,0
DA:2,0
DA:3,0
DA:4,0
DA:5,0
DA:6,0
DA:7,0
DA:26,0
DA:28,0
LF:9
LH:0
BRF:0
BRH:0
end_of_record
TN:
SF:src/main.ts
FN:8,bootstrap
FNF:1
FNH:0
FNDA:0,bootstrap
DA:1,0
DA:2,0
DA:3,0
DA:4,0
DA:5,0
DA:6,0
DA:9,0
DA:10,0
DA:11,0
DA:12,0
DA:13,0
DA:18,0
DA:20,0
DA:30,0
DA:31,0
DA:32,0
DA:33,0
DA:34,0
DA:37,0
LF:19
LH:0
BRF:0
BRH:0
end_of_record
TN:
SF:src/config/configuration.ts
FN:1,(anonymous_0)
FNF:1
FNH:1
FNDA:13,(anonymous_0)
DA:1,13
LF:1
LH:1
BRDA:2,0,0,13
BRDA:2,0,1,0
BRDA:4,1,0,13
BRDA:4,1,1,0
BRDA:5,2,0,13
BRDA:5,2,1,13
BRDA:8,3,0,13
BRDA:8,3,1,0
BRDA:9,4,0,13
BRDA:9,4,1,13
BRDA:12,5,0,13
BRDA:12,5,1,0
BRDA:13,6,0,13
BRDA:13,6,1,0
BRF:14
BRH:9
end_of_record
TN:
SF:src/controllers/authController.ts
FN:20,(anonymous_4)
FN:23,(anonymous_5)
FN:32,(anonymous_6)
FN:42,(anonymous_7)
FN:51,(anonymous_8)
FN:60,(anonymous_9)
FN:70,(anonymous_10)
FN:84,(anonymous_11)
FN:94,(anonymous_12)
FNF:9
FNH:0
FNDA:0,(anonymous_4)
FNDA:0,(anonymous_5)
FNDA:0,(anonymous_6)
FNDA:0,(anonymous_7)
FNDA:0,(anonymous_8)
FNDA:0,(anonymous_9)
FNDA:0,(anonymous_10)
FNDA:0,(anonymous_11)
FNDA:0,(anonymous_12)
DA:1,0
DA:10,0
DA:11,0
DA:12,0
DA:14,0
DA:15,0
DA:16,0
DA:19,0
DA:20,0
DA:23,0
DA:24,0
DA:25,0
DA:32,0
DA:33,0
DA:34,0
DA:42,0
DA:43,0
DA:44,0
DA:51,0
DA:52,0
DA:53,0
DA:60,0
DA:61,0
DA:62,0
DA:70,0
DA:71,0
DA:84,0
DA:85,0
DA:86,0
DA:94,0
DA:98,0
DA:104,0
LF:32
LH:0
BRF:0
BRH:0
end_of_record
TN:
SF:src/dtos/loginDto.ts
FNF:0
FNH:0
DA:1,0
DA:3,0
DA:5,0
DA:7,0
LF:4
LH:0
BRF:0
BRH:0
end_of_record
TN:
SF:src/dtos/userDto.ts
FNF:0
FNH:0
DA:1,0
DA:3,0
DA:5,0
DA:7,0
DA:9,0
DA:11,0
LF:6
LH:0
BRF:0
BRH:0
end_of_record
TN:
SF:src/guards/jwtAuthGuard.ts
FN:7,(anonymous_1)
FN:11,(anonymous_2)
FNF:2
FNH:1
FNDA:0,(anonymous_1)
FNDA:6,(anonymous_2)
DA:1,1
DA:2,1
DA:3,1
DA:6,1
DA:8,0
DA:12,6
DA:13,5
DA:15,1
LF:8
LH:7
BRDA:12,0,0,5
BRDA:12,1,0,6
BRDA:12,1,1,4
BRDA:13,2,0,5
BRDA:13,2,1,3
BRF:5
BRH:5
end_of_record
TN:
SF:src/guards/localAuthGuard.ts
FNF:0
FNH:0
DA:1,0
DA:2,0
DA:5,0
LF:3
LH:0
BRF:0
BRH:0
end_of_record
TN:
SF:src/guards/roles.decorator.ts
FN:3,(anonymous_0)
FNF:1
FNH:0
FNDA:0,(anonymous_0)
DA:1,0
DA:3,0
LF:2
LH:0
BRF:0
BRH:0
end_of_record
TN:
SF:src/guards/rolesGuard.ts
FN:7,(anonymous_2)
FN:9,(anonymous_3)
FN:25,(anonymous_4)
FNF:3
FNH:3
FNDA:14,(anonymous_2)
FNDA:14,(anonymous_3)
FNDA:10,(anonymous_4)
DA:1,1
DA:2,1
DA:6,1
DA:7,14
DA:10,14
DA:14,14
DA:15,3
DA:18,11
DA:19,11
DA:21,11
DA:22,2
DA:25,10
DA:26,9
DA:27,4
DA:30,5
DA:31,2
DA:34,3
LF:17
LH:17
BRDA:14,0,0,3
BRDA:14,1,0,14
BRDA:14,1,1,13
BRDA:21,2,0,2
BRDA:26,3,0,4
BRDA:30,4,0,2
BRF:6
BRH:6
end_of_record
TN:
SF:src/middlewares/errorHandlingMiddleware.ts
FN:14,(anonymous_1)
FN:36,(anonymous_2)
FN:15,(anonymous_3)
FNF:3
FNH:0
FNDA:0,(anonymous_1)
FNDA:0,(anonymous_2)
FNDA:0,(anonymous_3)
DA:1,0
DA:11,0
DA:14,0
DA:16,0
DA:17,0
DA:18,0
DA:21,0
DA:22,0
DA:23,0
DA:26,0
DA:27,0
DA:29,0
DA:36,0
DA:37,0
DA:38,0
DA:39,0
DA:41,0
DA:49,0
DA:50,0
DA:51,0
DA:52,0
DA:59,0
LF:22
LH:0
BRDA:49,0,0,0
BRDA:51,1,0,0
BRDA:54,2,0,0
BRDA:54,2,1,0
BRDA:16,3,0,0
BRDA:21,4,0,0
BRDA:26,5,0,0
BRDA:26,5,1,0
BRF:8
BRH:0
end_of_record
TN:
SF:src/middlewares/jwtPayloadMiddleware.ts
FN:8,(anonymous_2)
FN:10,(anonymous_3)
FNF:2
FNH:0
FNDA:0,(anonymous_2)
FNDA:0,(anonymous_3)
DA:1,0
DA:3,0
DA:4,0
DA:7,0
DA:8,0
DA:11,0
DA:12,0
DA:13,0
DA:14,0
DA:15,0
DA:16,0
DA:22,0
DA:23,0
DA:26,0
LF:14
LH:0
BRDA:12,0,0,0
BRDA:12,1,0,0
BRDA:12,1,1,0
BRF:3
BRH:0
end_of_record
TN:
SF:src/modules/authModule.ts
FNF:0
FNH:0
DA:1,0
DA:2,0
DA:3,0
DA:4,0
DA:5,0
DA:6,0
DA:7,0
DA:8,0
DA:9,0
DA:10,0
DA:11,0
DA:26,0
LF:12
LH:0
BRF:0
BRH:0
end_of_record
TN:
SF:src/modules/eventModule.ts
FN:11,(anonymous_1)
FNF:1
FNH:0
FNDA:0,(anonymous_1)
DA:1,0
DA:2,0
DA:3,0
DA:11,0
DA:27,0
LF:5
LH:0
BRF:0
BRH:0
end_of_record
TN:
SF:src/services/authService.ts
FN:21,(anonymous_4)
FN:27,(anonymous_5)
FN:31,(anonymous_6)
FN:50,(anonymous_7)
FN:63,(anonymous_8)
FN:94,(anonymous_9)
FN:114,(anonymous_10)
FN:128,(anonymous_11)
FN:167,(anonymous_12)
FN:171,(anonymous_13)
FN:183,(anonymous_14)
FN:204,(anonymous_15)
FN:211,(anonymous_16)
FN:219,(anonymous_17)
FN:223,(anonymous_18)
FNF:15
FNH:15
FNDA:24,(anonymous_4)
FNDA:1,(anonymous_5)
FNDA:7,(anonymous_6)
FNDA:3,(anonymous_7)
FNDA:3,(anonymous_8)
FNDA:2,(anonymous_9)
FNDA:3,(anonymous_10)
FNDA:6,(anonymous_11)
FNDA:1,(anonymous_12)
FNDA:1,(anonymous_13)
FNDA:2,(anonymous_14)
FNDA:1,(anonymous_15)
FNDA:1,(anonymous_16)
FNDA:1,(anonymous_17)
FNDA:5,(anonymous_18)
DA:1,1
DA:2,1
DA:3,1
DA:5,1
DA:7,1
DA:8,1
DA:16,1
DA:17,1
DA:20,1
DA:22,24
DA:23,24
DA:24,24
DA:28,1
DA:32,7
DA:33,7
DA:34,4
DA:37,4
DA:38,3
DA:42,3
DA:43,2
DA:47,5
DA:51,3
DA:52,3
DA:53,2
DA:55,1
DA:56,1
DA:57,1
DA:64,3
DA:65,3
DA:68,3
DA:69,2
DA:71,1
DA:82,1
DA:91,1
DA:95,2
DA:103,2
DA:111,2
DA:115,3
DA:129,6
DA:130,2
DA:132,4
DA:136,4
DA:137,2
DA:140,2
DA:143,2
DA:144,0
DA:147,2
DA:150,2
DA:151,1
DA:154,1
DA:156,1
DA:157,1
DA:161,1
DA:168,1
DA:172,1
DA:177,1
DA:184,2
DA:185,2
DA:186,1
DA:188,1
DA:189,1
DA:190,1
DA:195,1
DA:201,1
DA:205,1
DA:208,1
DA:212,1
DA:214,1
DA:220,1
DA:228,5
DA:229,5
DA:230,2
DA:232,3
DA:233,0
DA:237,3
DA:240,3
DA:244,2
DA:246,1
DA:247,1
LF:79
LH:77
BRDA:33,0,0,4
BRDA:37,1,0,3
BRDA:42,2,0,2
BRDA:52,3,0,2
BRDA:68,4,0,2
BRDA:129,5,0,2
BRDA:136,6,0,2
BRDA:143,7,0,0
BRDA:150,8,0,1
BRDA:157,9,0,0
BRDA:157,9,1,1
BRDA:185,10,0,1
BRDA:229,11,0,2
BRDA:232,12,0,0
BRDA:232,13,0,3
BRDA:232,13,1,3
BRDA:240,14,0,2
BRDA:241,15,0,3
BRDA:241,15,1,3
BRF:19
BRH:16
end_of_record
TN:
SF:src/strategies/adminGuard.ts
FN:8,(anonymous_2)
FN:12,(anonymous_3)
FNF:2
FNH:0
FNDA:0,(anonymous_2)
FNDA:0,(anonymous_3)
DA:2,0
DA:3,0
DA:4,0
DA:7,0
DA:8,0
DA:9,0
DA:13,0
DA:14,0
DA:15,0
DA:17,0
DA:18,0
DA:19,0
LF:12
LH:0
BRDA:14,0,0,0
BRF:1
BRH:0
end_of_record
TN:
SF:src/strategies/jwtStrategy.ts
FN:8,(anonymous_2)
FN:17,(anonymous_3)
FNF:2
FNH:0
FNDA:0,(anonymous_2)
FNDA:0,(anonymous_3)
DA:1,0
DA:2,0
DA:3,0
DA:4,0
DA:7,0
DA:8,0
DA:9,0
DA:18,0
LF:8
LH:0
BRF:0
BRH:0
end_of_record
TN:
SF:src/strategies/localStrategy.ts
FN:9,(anonymous_2)
FN:13,(anonymous_3)
FNF:2
FNH:0
FNDA:0,(anonymous_2)
FNDA:0,(anonymous_3)
DA:1,0
DA:2,0
DA:3,0
DA:4,0
DA:5,0
DA:8,0
DA:9,0
DA:10,0
DA:14,0
DA:15,0
DA:16,0
DA:18,0
LF:12
LH:0
BRDA:15,0,0,0
BRF:1
BRH:0
end_of_record
TN:
SF:src/types/requests.ts/refreshRequest.ts
FNF:0
FNH:0
DA:1,0
LF:1
LH:0
BRF:0
BRH:0
end_of_record
